[2025-09-17T22:53:20.714+0000] {processor.py:161} INFO - Started process (PID=38) to work on /opt/airflow/dags/generate_orders_dag.py
[2025-09-17T22:53:20.716+0000] {processor.py:830} INFO - Processing file /opt/airflow/dags/generate_orders_dag.py for tasks to queue
[2025-09-17T22:53:20.722+0000] {logging_mixin.py:188} INFO - [2025-09-17T22:53:20.721+0000] {dagbag.py:545} INFO - Filling up the DagBag from /opt/airflow/dags/generate_orders_dag.py
[2025-09-17T22:53:20.772+0000] {processor.py:840} INFO - DAG(s) 'generate_orders_dag' retrieved from /opt/airflow/dags/generate_orders_dag.py
[2025-09-17T22:53:20.797+0000] {logging_mixin.py:188} INFO - [2025-09-17T22:53:20.796+0000] {dag.py:3089} INFO - Sync 1 DAGs
[2025-09-17T22:53:20.830+0000] {logging_mixin.py:188} INFO - [2025-09-17T22:53:20.830+0000] {dag.py:3947} INFO - Setting next_dagrun for generate_orders_dag to 2025-09-17 22:45:00+00:00, run_after=2025-09-17 22:50:00+00:00
[2025-09-17T22:53:20.857+0000] {processor.py:183} INFO - Processing /opt/airflow/dags/generate_orders_dag.py took 0.154 seconds
[2025-09-17T22:53:51.308+0000] {processor.py:161} INFO - Started process (PID=58) to work on /opt/airflow/dags/generate_orders_dag.py
[2025-09-17T22:53:51.310+0000] {processor.py:830} INFO - Processing file /opt/airflow/dags/generate_orders_dag.py for tasks to queue
[2025-09-17T22:53:51.314+0000] {logging_mixin.py:188} INFO - [2025-09-17T22:53:51.314+0000] {dagbag.py:545} INFO - Filling up the DagBag from /opt/airflow/dags/generate_orders_dag.py
[2025-09-17T22:53:51.377+0000] {processor.py:840} INFO - DAG(s) 'generate_orders_dag' retrieved from /opt/airflow/dags/generate_orders_dag.py
[2025-09-17T22:53:51.738+0000] {logging_mixin.py:188} INFO - [2025-09-17T22:53:51.737+0000] {dag.py:3089} INFO - Sync 1 DAGs
[2025-09-17T22:53:51.779+0000] {logging_mixin.py:188} INFO - [2025-09-17T22:53:51.779+0000] {dag.py:3947} INFO - Setting next_dagrun for generate_orders_dag to 2025-09-17 22:50:00+00:00, run_after=2025-09-17 22:55:00+00:00
[2025-09-17T22:53:51.825+0000] {processor.py:183} INFO - Processing /opt/airflow/dags/generate_orders_dag.py took 0.531 seconds
[2025-09-17T22:54:22.450+0000] {processor.py:161} INFO - Started process (PID=61) to work on /opt/airflow/dags/generate_orders_dag.py
[2025-09-17T22:54:22.452+0000] {processor.py:830} INFO - Processing file /opt/airflow/dags/generate_orders_dag.py for tasks to queue
[2025-09-17T22:54:22.456+0000] {logging_mixin.py:188} INFO - [2025-09-17T22:54:22.455+0000] {dagbag.py:545} INFO - Filling up the DagBag from /opt/airflow/dags/generate_orders_dag.py
[2025-09-17T22:54:22.514+0000] {processor.py:840} INFO - DAG(s) 'generate_orders_dag' retrieved from /opt/airflow/dags/generate_orders_dag.py
[2025-09-17T22:54:22.590+0000] {logging_mixin.py:188} INFO - [2025-09-17T22:54:22.590+0000] {dag.py:3089} INFO - Sync 1 DAGs
[2025-09-17T22:54:22.626+0000] {logging_mixin.py:188} INFO - [2025-09-17T22:54:22.626+0000] {dag.py:3947} INFO - Setting next_dagrun for generate_orders_dag to 2025-09-17 22:50:00+00:00, run_after=2025-09-17 22:55:00+00:00
[2025-09-17T22:54:22.655+0000] {processor.py:183} INFO - Processing /opt/airflow/dags/generate_orders_dag.py took 0.216 seconds
[2025-09-17T22:54:53.156+0000] {processor.py:161} INFO - Started process (PID=64) to work on /opt/airflow/dags/generate_orders_dag.py
[2025-09-17T22:54:53.158+0000] {processor.py:830} INFO - Processing file /opt/airflow/dags/generate_orders_dag.py for tasks to queue
[2025-09-17T22:54:53.162+0000] {logging_mixin.py:188} INFO - [2025-09-17T22:54:53.161+0000] {dagbag.py:545} INFO - Filling up the DagBag from /opt/airflow/dags/generate_orders_dag.py
[2025-09-17T22:54:53.202+0000] {processor.py:840} INFO - DAG(s) 'generate_orders_dag' retrieved from /opt/airflow/dags/generate_orders_dag.py
[2025-09-17T22:54:53.273+0000] {logging_mixin.py:188} INFO - [2025-09-17T22:54:53.272+0000] {dag.py:3089} INFO - Sync 1 DAGs
[2025-09-17T22:54:53.313+0000] {logging_mixin.py:188} INFO - [2025-09-17T22:54:53.312+0000] {dag.py:3947} INFO - Setting next_dagrun for generate_orders_dag to 2025-09-17 22:50:00+00:00, run_after=2025-09-17 22:55:00+00:00
[2025-09-17T22:54:53.357+0000] {processor.py:183} INFO - Processing /opt/airflow/dags/generate_orders_dag.py took 0.211 seconds
[2025-09-17T22:55:23.948+0000] {processor.py:161} INFO - Started process (PID=85) to work on /opt/airflow/dags/generate_orders_dag.py
[2025-09-17T22:55:23.955+0000] {processor.py:830} INFO - Processing file /opt/airflow/dags/generate_orders_dag.py for tasks to queue
[2025-09-17T22:55:23.967+0000] {logging_mixin.py:188} INFO - [2025-09-17T22:55:23.965+0000] {dagbag.py:545} INFO - Filling up the DagBag from /opt/airflow/dags/generate_orders_dag.py
[2025-09-17T22:55:24.090+0000] {processor.py:840} INFO - DAG(s) 'generate_orders_dag' retrieved from /opt/airflow/dags/generate_orders_dag.py
[2025-09-17T22:55:24.258+0000] {logging_mixin.py:188} INFO - [2025-09-17T22:55:24.258+0000] {dag.py:3089} INFO - Sync 1 DAGs
[2025-09-17T22:55:24.300+0000] {logging_mixin.py:188} INFO - [2025-09-17T22:55:24.299+0000] {dag.py:3947} INFO - Setting next_dagrun for generate_orders_dag to 2025-09-17 22:55:00+00:00, run_after=2025-09-17 23:00:00+00:00
[2025-09-17T22:55:24.333+0000] {processor.py:183} INFO - Processing /opt/airflow/dags/generate_orders_dag.py took 0.431 seconds
[2025-09-17T22:55:54.532+0000] {processor.py:161} INFO - Started process (PID=88) to work on /opt/airflow/dags/generate_orders_dag.py
[2025-09-17T22:55:54.533+0000] {processor.py:830} INFO - Processing file /opt/airflow/dags/generate_orders_dag.py for tasks to queue
[2025-09-17T22:55:54.537+0000] {logging_mixin.py:188} INFO - [2025-09-17T22:55:54.537+0000] {dagbag.py:545} INFO - Filling up the DagBag from /opt/airflow/dags/generate_orders_dag.py
[2025-09-17T22:55:54.576+0000] {processor.py:840} INFO - DAG(s) 'generate_orders_dag' retrieved from /opt/airflow/dags/generate_orders_dag.py
[2025-09-17T22:55:54.629+0000] {logging_mixin.py:188} INFO - [2025-09-17T22:55:54.628+0000] {dag.py:3089} INFO - Sync 1 DAGs
[2025-09-17T22:55:54.662+0000] {logging_mixin.py:188} INFO - [2025-09-17T22:55:54.662+0000] {dag.py:3947} INFO - Setting next_dagrun for generate_orders_dag to 2025-09-17 22:55:00+00:00, run_after=2025-09-17 23:00:00+00:00
[2025-09-17T22:55:54.730+0000] {processor.py:183} INFO - Processing /opt/airflow/dags/generate_orders_dag.py took 0.208 seconds
[2025-09-17T22:56:25.024+0000] {processor.py:161} INFO - Started process (PID=91) to work on /opt/airflow/dags/generate_orders_dag.py
[2025-09-17T22:56:25.030+0000] {processor.py:830} INFO - Processing file /opt/airflow/dags/generate_orders_dag.py for tasks to queue
[2025-09-17T22:56:25.035+0000] {logging_mixin.py:188} INFO - [2025-09-17T22:56:25.034+0000] {dagbag.py:545} INFO - Filling up the DagBag from /opt/airflow/dags/generate_orders_dag.py
[2025-09-17T22:56:25.081+0000] {processor.py:840} INFO - DAG(s) 'generate_orders_dag' retrieved from /opt/airflow/dags/generate_orders_dag.py
[2025-09-17T22:56:25.143+0000] {logging_mixin.py:188} INFO - [2025-09-17T22:56:25.143+0000] {dag.py:3089} INFO - Sync 1 DAGs
[2025-09-17T22:56:25.188+0000] {logging_mixin.py:188} INFO - [2025-09-17T22:56:25.187+0000] {dag.py:3947} INFO - Setting next_dagrun for generate_orders_dag to 2025-09-17 22:55:00+00:00, run_after=2025-09-17 23:00:00+00:00
[2025-09-17T22:56:25.214+0000] {processor.py:183} INFO - Processing /opt/airflow/dags/generate_orders_dag.py took 0.211 seconds
[2025-09-17T22:56:55.775+0000] {processor.py:161} INFO - Started process (PID=94) to work on /opt/airflow/dags/generate_orders_dag.py
[2025-09-17T22:56:55.779+0000] {processor.py:830} INFO - Processing file /opt/airflow/dags/generate_orders_dag.py for tasks to queue
[2025-09-17T22:56:55.787+0000] {logging_mixin.py:188} INFO - [2025-09-17T22:56:55.785+0000] {dagbag.py:545} INFO - Filling up the DagBag from /opt/airflow/dags/generate_orders_dag.py
[2025-09-17T22:56:55.845+0000] {processor.py:840} INFO - DAG(s) 'generate_orders_dag' retrieved from /opt/airflow/dags/generate_orders_dag.py
[2025-09-17T22:56:55.898+0000] {logging_mixin.py:188} INFO - [2025-09-17T22:56:55.898+0000] {dag.py:3089} INFO - Sync 1 DAGs
[2025-09-17T22:56:55.953+0000] {logging_mixin.py:188} INFO - [2025-09-17T22:56:55.953+0000] {dag.py:3947} INFO - Setting next_dagrun for generate_orders_dag to 2025-09-17 22:50:00+00:00, run_after=2025-09-17 22:55:00+00:00
[2025-09-17T22:56:56.001+0000] {processor.py:183} INFO - Processing /opt/airflow/dags/generate_orders_dag.py took 0.262 seconds
[2025-09-17T22:57:26.316+0000] {processor.py:161} INFO - Started process (PID=106) to work on /opt/airflow/dags/generate_orders_dag.py
[2025-09-17T22:57:26.321+0000] {processor.py:830} INFO - Processing file /opt/airflow/dags/generate_orders_dag.py for tasks to queue
[2025-09-17T22:57:26.330+0000] {logging_mixin.py:188} INFO - [2025-09-17T22:57:26.329+0000] {dagbag.py:545} INFO - Filling up the DagBag from /opt/airflow/dags/generate_orders_dag.py
[2025-09-17T22:57:26.444+0000] {processor.py:840} INFO - DAG(s) 'generate_orders_dag' retrieved from /opt/airflow/dags/generate_orders_dag.py
[2025-09-17T22:57:26.564+0000] {logging_mixin.py:188} INFO - [2025-09-17T22:57:26.564+0000] {dag.py:3089} INFO - Sync 1 DAGs
[2025-09-17T22:57:26.609+0000] {logging_mixin.py:188} INFO - [2025-09-17T22:57:26.608+0000] {dag.py:3947} INFO - Setting next_dagrun for generate_orders_dag to 2025-09-17 22:55:00+00:00, run_after=2025-09-17 23:00:00+00:00
[2025-09-17T22:57:26.653+0000] {processor.py:183} INFO - Processing /opt/airflow/dags/generate_orders_dag.py took 0.369 seconds
[2025-09-17T22:57:56.882+0000] {processor.py:161} INFO - Started process (PID=109) to work on /opt/airflow/dags/generate_orders_dag.py
[2025-09-17T22:57:56.884+0000] {processor.py:830} INFO - Processing file /opt/airflow/dags/generate_orders_dag.py for tasks to queue
[2025-09-17T22:57:56.887+0000] {logging_mixin.py:188} INFO - [2025-09-17T22:57:56.887+0000] {dagbag.py:545} INFO - Filling up the DagBag from /opt/airflow/dags/generate_orders_dag.py
[2025-09-17T22:57:56.927+0000] {processor.py:840} INFO - DAG(s) 'generate_orders_dag' retrieved from /opt/airflow/dags/generate_orders_dag.py
[2025-09-17T22:57:56.968+0000] {logging_mixin.py:188} INFO - [2025-09-17T22:57:56.968+0000] {dag.py:3089} INFO - Sync 1 DAGs
[2025-09-17T22:57:56.995+0000] {logging_mixin.py:188} INFO - [2025-09-17T22:57:56.994+0000] {dag.py:3947} INFO - Setting next_dagrun for generate_orders_dag to 2025-09-17 22:50:00+00:00, run_after=2025-09-17 22:55:00+00:00
[2025-09-17T22:57:57.032+0000] {processor.py:183} INFO - Processing /opt/airflow/dags/generate_orders_dag.py took 0.157 seconds
[2025-09-17T22:58:27.136+0000] {processor.py:161} INFO - Started process (PID=112) to work on /opt/airflow/dags/generate_orders_dag.py
[2025-09-17T22:58:27.138+0000] {processor.py:830} INFO - Processing file /opt/airflow/dags/generate_orders_dag.py for tasks to queue
[2025-09-17T22:58:27.142+0000] {logging_mixin.py:188} INFO - [2025-09-17T22:58:27.142+0000] {dagbag.py:545} INFO - Filling up the DagBag from /opt/airflow/dags/generate_orders_dag.py
[2025-09-17T22:58:27.192+0000] {processor.py:840} INFO - DAG(s) 'generate_orders_dag' retrieved from /opt/airflow/dags/generate_orders_dag.py
[2025-09-17T22:58:27.232+0000] {logging_mixin.py:188} INFO - [2025-09-17T22:58:27.232+0000] {dag.py:3089} INFO - Sync 1 DAGs
[2025-09-17T22:58:27.262+0000] {logging_mixin.py:188} INFO - [2025-09-17T22:58:27.262+0000] {dag.py:3947} INFO - Setting next_dagrun for generate_orders_dag to 2025-09-17 22:50:00+00:00, run_after=2025-09-17 22:55:00+00:00
[2025-09-17T22:58:27.295+0000] {processor.py:183} INFO - Processing /opt/airflow/dags/generate_orders_dag.py took 0.169 seconds
[2025-09-17T22:58:57.778+0000] {processor.py:161} INFO - Started process (PID=115) to work on /opt/airflow/dags/generate_orders_dag.py
[2025-09-17T22:58:57.780+0000] {processor.py:830} INFO - Processing file /opt/airflow/dags/generate_orders_dag.py for tasks to queue
[2025-09-17T22:58:57.783+0000] {logging_mixin.py:188} INFO - [2025-09-17T22:58:57.782+0000] {dagbag.py:545} INFO - Filling up the DagBag from /opt/airflow/dags/generate_orders_dag.py
[2025-09-17T22:58:57.822+0000] {processor.py:840} INFO - DAG(s) 'generate_orders_dag' retrieved from /opt/airflow/dags/generate_orders_dag.py
[2025-09-17T22:58:57.866+0000] {logging_mixin.py:188} INFO - [2025-09-17T22:58:57.866+0000] {dag.py:3089} INFO - Sync 1 DAGs
[2025-09-17T22:58:57.896+0000] {logging_mixin.py:188} INFO - [2025-09-17T22:58:57.895+0000] {dag.py:3947} INFO - Setting next_dagrun for generate_orders_dag to 2025-09-17 22:50:00+00:00, run_after=2025-09-17 22:55:00+00:00
[2025-09-17T22:58:57.931+0000] {processor.py:183} INFO - Processing /opt/airflow/dags/generate_orders_dag.py took 0.161 seconds
[2025-09-17T22:59:00.829+0000] {processor.py:161} INFO - Started process (PID=116) to work on /opt/airflow/dags/generate_orders_dag.py
[2025-09-17T22:59:00.830+0000] {processor.py:830} INFO - Processing file /opt/airflow/dags/generate_orders_dag.py for tasks to queue
[2025-09-17T22:59:00.834+0000] {logging_mixin.py:188} INFO - [2025-09-17T22:59:00.833+0000] {dagbag.py:545} INFO - Filling up the DagBag from /opt/airflow/dags/generate_orders_dag.py
[2025-09-17T22:59:00.876+0000] {processor.py:842} WARNING - No viable dags retrieved from /opt/airflow/dags/generate_orders_dag.py
[2025-09-17T22:59:00.904+0000] {processor.py:183} INFO - Processing /opt/airflow/dags/generate_orders_dag.py took 0.084 seconds
[2025-09-17T22:59:31.130+0000] {processor.py:161} INFO - Started process (PID=119) to work on /opt/airflow/dags/generate_orders_dag.py
[2025-09-17T22:59:31.134+0000] {processor.py:830} INFO - Processing file /opt/airflow/dags/generate_orders_dag.py for tasks to queue
[2025-09-17T22:59:31.141+0000] {logging_mixin.py:188} INFO - [2025-09-17T22:59:31.140+0000] {dagbag.py:545} INFO - Filling up the DagBag from /opt/airflow/dags/generate_orders_dag.py
[2025-09-17T22:59:31.173+0000] {processor.py:842} WARNING - No viable dags retrieved from /opt/airflow/dags/generate_orders_dag.py
[2025-09-17T22:59:31.209+0000] {processor.py:183} INFO - Processing /opt/airflow/dags/generate_orders_dag.py took 0.112 seconds
[2025-09-17T23:00:01.696+0000] {processor.py:161} INFO - Started process (PID=122) to work on /opt/airflow/dags/generate_orders_dag.py
[2025-09-17T23:00:01.698+0000] {processor.py:830} INFO - Processing file /opt/airflow/dags/generate_orders_dag.py for tasks to queue
[2025-09-17T23:00:01.702+0000] {logging_mixin.py:188} INFO - [2025-09-17T23:00:01.701+0000] {dagbag.py:545} INFO - Filling up the DagBag from /opt/airflow/dags/generate_orders_dag.py
[2025-09-17T23:00:01.723+0000] {processor.py:842} WARNING - No viable dags retrieved from /opt/airflow/dags/generate_orders_dag.py
[2025-09-17T23:00:01.752+0000] {processor.py:183} INFO - Processing /opt/airflow/dags/generate_orders_dag.py took 0.074 seconds
[2025-09-17T23:00:31.889+0000] {processor.py:161} INFO - Started process (PID=125) to work on /opt/airflow/dags/generate_orders_dag.py
[2025-09-17T23:00:31.890+0000] {processor.py:830} INFO - Processing file /opt/airflow/dags/generate_orders_dag.py for tasks to queue
[2025-09-17T23:00:31.892+0000] {logging_mixin.py:188} INFO - [2025-09-17T23:00:31.891+0000] {dagbag.py:545} INFO - Filling up the DagBag from /opt/airflow/dags/generate_orders_dag.py
[2025-09-17T23:00:31.920+0000] {processor.py:842} WARNING - No viable dags retrieved from /opt/airflow/dags/generate_orders_dag.py
[2025-09-17T23:00:31.947+0000] {processor.py:183} INFO - Processing /opt/airflow/dags/generate_orders_dag.py took 0.067 seconds
[2025-09-17T23:01:02.467+0000] {processor.py:161} INFO - Started process (PID=128) to work on /opt/airflow/dags/generate_orders_dag.py
[2025-09-17T23:01:02.469+0000] {processor.py:830} INFO - Processing file /opt/airflow/dags/generate_orders_dag.py for tasks to queue
[2025-09-17T23:01:02.471+0000] {logging_mixin.py:188} INFO - [2025-09-17T23:01:02.470+0000] {dagbag.py:545} INFO - Filling up the DagBag from /opt/airflow/dags/generate_orders_dag.py
[2025-09-17T23:01:02.516+0000] {processor.py:842} WARNING - No viable dags retrieved from /opt/airflow/dags/generate_orders_dag.py
[2025-09-17T23:01:02.566+0000] {processor.py:183} INFO - Processing /opt/airflow/dags/generate_orders_dag.py took 0.121 seconds
[2025-09-17T23:01:32.823+0000] {processor.py:161} INFO - Started process (PID=131) to work on /opt/airflow/dags/generate_orders_dag.py
[2025-09-17T23:01:32.825+0000] {processor.py:830} INFO - Processing file /opt/airflow/dags/generate_orders_dag.py for tasks to queue
[2025-09-17T23:01:32.826+0000] {logging_mixin.py:188} INFO - [2025-09-17T23:01:32.826+0000] {dagbag.py:545} INFO - Filling up the DagBag from /opt/airflow/dags/generate_orders_dag.py
[2025-09-17T23:01:32.852+0000] {processor.py:842} WARNING - No viable dags retrieved from /opt/airflow/dags/generate_orders_dag.py
[2025-09-17T23:01:32.881+0000] {processor.py:183} INFO - Processing /opt/airflow/dags/generate_orders_dag.py took 0.065 seconds
[2025-09-17T23:02:03.452+0000] {processor.py:161} INFO - Started process (PID=134) to work on /opt/airflow/dags/generate_orders_dag.py
[2025-09-17T23:02:03.453+0000] {processor.py:830} INFO - Processing file /opt/airflow/dags/generate_orders_dag.py for tasks to queue
[2025-09-17T23:02:03.455+0000] {logging_mixin.py:188} INFO - [2025-09-17T23:02:03.455+0000] {dagbag.py:545} INFO - Filling up the DagBag from /opt/airflow/dags/generate_orders_dag.py
[2025-09-17T23:02:03.485+0000] {processor.py:842} WARNING - No viable dags retrieved from /opt/airflow/dags/generate_orders_dag.py
[2025-09-17T23:02:03.512+0000] {processor.py:183} INFO - Processing /opt/airflow/dags/generate_orders_dag.py took 0.073 seconds
[2025-09-17T23:02:34.054+0000] {processor.py:161} INFO - Started process (PID=137) to work on /opt/airflow/dags/generate_orders_dag.py
[2025-09-17T23:02:34.056+0000] {processor.py:830} INFO - Processing file /opt/airflow/dags/generate_orders_dag.py for tasks to queue
[2025-09-17T23:02:34.059+0000] {logging_mixin.py:188} INFO - [2025-09-17T23:02:34.058+0000] {dagbag.py:545} INFO - Filling up the DagBag from /opt/airflow/dags/generate_orders_dag.py
[2025-09-17T23:02:34.090+0000] {processor.py:842} WARNING - No viable dags retrieved from /opt/airflow/dags/generate_orders_dag.py
[2025-09-17T23:02:34.126+0000] {processor.py:183} INFO - Processing /opt/airflow/dags/generate_orders_dag.py took 0.090 seconds
[2025-09-17T23:03:04.226+0000] {processor.py:161} INFO - Started process (PID=142) to work on /opt/airflow/dags/generate_orders_dag.py
[2025-09-17T23:03:04.227+0000] {processor.py:830} INFO - Processing file /opt/airflow/dags/generate_orders_dag.py for tasks to queue
[2025-09-17T23:03:04.229+0000] {logging_mixin.py:188} INFO - [2025-09-17T23:03:04.228+0000] {dagbag.py:545} INFO - Filling up the DagBag from /opt/airflow/dags/generate_orders_dag.py
[2025-09-17T23:03:04.253+0000] {processor.py:842} WARNING - No viable dags retrieved from /opt/airflow/dags/generate_orders_dag.py
[2025-09-17T23:03:04.275+0000] {processor.py:183} INFO - Processing /opt/airflow/dags/generate_orders_dag.py took 0.059 seconds
[2025-09-17T23:03:34.559+0000] {processor.py:161} INFO - Started process (PID=145) to work on /opt/airflow/dags/generate_orders_dag.py
[2025-09-17T23:03:34.561+0000] {processor.py:830} INFO - Processing file /opt/airflow/dags/generate_orders_dag.py for tasks to queue
[2025-09-17T23:03:34.564+0000] {logging_mixin.py:188} INFO - [2025-09-17T23:03:34.563+0000] {dagbag.py:545} INFO - Filling up the DagBag from /opt/airflow/dags/generate_orders_dag.py
[2025-09-17T23:03:34.612+0000] {processor.py:842} WARNING - No viable dags retrieved from /opt/airflow/dags/generate_orders_dag.py
[2025-09-17T23:03:34.662+0000] {processor.py:183} INFO - Processing /opt/airflow/dags/generate_orders_dag.py took 0.113 seconds
[2025-09-17T23:04:05.162+0000] {processor.py:161} INFO - Started process (PID=148) to work on /opt/airflow/dags/generate_orders_dag.py
[2025-09-17T23:04:05.164+0000] {processor.py:830} INFO - Processing file /opt/airflow/dags/generate_orders_dag.py for tasks to queue
[2025-09-17T23:04:05.165+0000] {logging_mixin.py:188} INFO - [2025-09-17T23:04:05.165+0000] {dagbag.py:545} INFO - Filling up the DagBag from /opt/airflow/dags/generate_orders_dag.py
[2025-09-17T23:04:05.189+0000] {processor.py:842} WARNING - No viable dags retrieved from /opt/airflow/dags/generate_orders_dag.py
[2025-09-17T23:04:05.214+0000] {processor.py:183} INFO - Processing /opt/airflow/dags/generate_orders_dag.py took 0.060 seconds
[2025-09-17T23:04:35.595+0000] {processor.py:161} INFO - Started process (PID=151) to work on /opt/airflow/dags/generate_orders_dag.py
[2025-09-17T23:04:35.598+0000] {processor.py:830} INFO - Processing file /opt/airflow/dags/generate_orders_dag.py for tasks to queue
[2025-09-17T23:04:35.600+0000] {logging_mixin.py:188} INFO - [2025-09-17T23:04:35.599+0000] {dagbag.py:545} INFO - Filling up the DagBag from /opt/airflow/dags/generate_orders_dag.py
[2025-09-17T23:04:35.627+0000] {processor.py:842} WARNING - No viable dags retrieved from /opt/airflow/dags/generate_orders_dag.py
[2025-09-17T23:04:35.656+0000] {processor.py:183} INFO - Processing /opt/airflow/dags/generate_orders_dag.py took 0.082 seconds
[2025-09-17T23:05:06.195+0000] {processor.py:161} INFO - Started process (PID=154) to work on /opt/airflow/dags/generate_orders_dag.py
[2025-09-17T23:05:06.197+0000] {processor.py:830} INFO - Processing file /opt/airflow/dags/generate_orders_dag.py for tasks to queue
[2025-09-17T23:05:06.199+0000] {logging_mixin.py:188} INFO - [2025-09-17T23:05:06.199+0000] {dagbag.py:545} INFO - Filling up the DagBag from /opt/airflow/dags/generate_orders_dag.py
[2025-09-17T23:05:06.220+0000] {processor.py:842} WARNING - No viable dags retrieved from /opt/airflow/dags/generate_orders_dag.py
[2025-09-17T23:05:06.262+0000] {processor.py:183} INFO - Processing /opt/airflow/dags/generate_orders_dag.py took 0.079 seconds
[2025-09-17T23:05:36.489+0000] {processor.py:161} INFO - Started process (PID=159) to work on /opt/airflow/dags/generate_orders_dag.py
[2025-09-17T23:05:36.491+0000] {processor.py:830} INFO - Processing file /opt/airflow/dags/generate_orders_dag.py for tasks to queue
[2025-09-17T23:05:36.494+0000] {logging_mixin.py:188} INFO - [2025-09-17T23:05:36.493+0000] {dagbag.py:545} INFO - Filling up the DagBag from /opt/airflow/dags/generate_orders_dag.py
[2025-09-17T23:05:36.527+0000] {processor.py:842} WARNING - No viable dags retrieved from /opt/airflow/dags/generate_orders_dag.py
[2025-09-17T23:05:36.588+0000] {processor.py:183} INFO - Processing /opt/airflow/dags/generate_orders_dag.py took 0.122 seconds
[2025-09-17T23:06:07.118+0000] {processor.py:161} INFO - Started process (PID=162) to work on /opt/airflow/dags/generate_orders_dag.py
[2025-09-17T23:06:07.121+0000] {processor.py:830} INFO - Processing file /opt/airflow/dags/generate_orders_dag.py for tasks to queue
[2025-09-17T23:06:07.124+0000] {logging_mixin.py:188} INFO - [2025-09-17T23:06:07.123+0000] {dagbag.py:545} INFO - Filling up the DagBag from /opt/airflow/dags/generate_orders_dag.py
[2025-09-17T23:06:07.168+0000] {processor.py:842} WARNING - No viable dags retrieved from /opt/airflow/dags/generate_orders_dag.py
[2025-09-17T23:06:07.221+0000] {processor.py:183} INFO - Processing /opt/airflow/dags/generate_orders_dag.py took 0.122 seconds
[2025-09-17T23:06:37.727+0000] {processor.py:161} INFO - Started process (PID=165) to work on /opt/airflow/dags/generate_orders_dag.py
[2025-09-17T23:06:37.729+0000] {processor.py:830} INFO - Processing file /opt/airflow/dags/generate_orders_dag.py for tasks to queue
[2025-09-17T23:06:37.730+0000] {logging_mixin.py:188} INFO - [2025-09-17T23:06:37.730+0000] {dagbag.py:545} INFO - Filling up the DagBag from /opt/airflow/dags/generate_orders_dag.py
[2025-09-17T23:06:37.758+0000] {processor.py:842} WARNING - No viable dags retrieved from /opt/airflow/dags/generate_orders_dag.py
[2025-09-17T23:06:37.784+0000] {processor.py:183} INFO - Processing /opt/airflow/dags/generate_orders_dag.py took 0.065 seconds
[2025-09-17T23:07:07.885+0000] {processor.py:161} INFO - Started process (PID=168) to work on /opt/airflow/dags/generate_orders_dag.py
[2025-09-17T23:07:07.886+0000] {processor.py:830} INFO - Processing file /opt/airflow/dags/generate_orders_dag.py for tasks to queue
[2025-09-17T23:07:07.887+0000] {logging_mixin.py:188} INFO - [2025-09-17T23:07:07.887+0000] {dagbag.py:545} INFO - Filling up the DagBag from /opt/airflow/dags/generate_orders_dag.py
[2025-09-17T23:07:07.908+0000] {processor.py:842} WARNING - No viable dags retrieved from /opt/airflow/dags/generate_orders_dag.py
[2025-09-17T23:07:07.936+0000] {processor.py:183} INFO - Processing /opt/airflow/dags/generate_orders_dag.py took 0.060 seconds
[2025-09-17T23:07:38.354+0000] {processor.py:161} INFO - Started process (PID=170) to work on /opt/airflow/dags/generate_orders_dag.py
[2025-09-17T23:07:38.355+0000] {processor.py:830} INFO - Processing file /opt/airflow/dags/generate_orders_dag.py for tasks to queue
[2025-09-17T23:07:38.357+0000] {logging_mixin.py:188} INFO - [2025-09-17T23:07:38.356+0000] {dagbag.py:545} INFO - Filling up the DagBag from /opt/airflow/dags/generate_orders_dag.py
[2025-09-17T23:07:38.377+0000] {processor.py:842} WARNING - No viable dags retrieved from /opt/airflow/dags/generate_orders_dag.py
[2025-09-17T23:07:38.403+0000] {processor.py:183} INFO - Processing /opt/airflow/dags/generate_orders_dag.py took 0.059 seconds
[2025-09-17T23:08:08.827+0000] {processor.py:161} INFO - Started process (PID=172) to work on /opt/airflow/dags/generate_orders_dag.py
[2025-09-17T23:08:08.832+0000] {processor.py:830} INFO - Processing file /opt/airflow/dags/generate_orders_dag.py for tasks to queue
[2025-09-17T23:08:08.835+0000] {logging_mixin.py:188} INFO - [2025-09-17T23:08:08.834+0000] {dagbag.py:545} INFO - Filling up the DagBag from /opt/airflow/dags/generate_orders_dag.py
[2025-09-17T23:08:08.880+0000] {processor.py:842} WARNING - No viable dags retrieved from /opt/airflow/dags/generate_orders_dag.py
[2025-09-17T23:08:08.928+0000] {processor.py:183} INFO - Processing /opt/airflow/dags/generate_orders_dag.py took 0.124 seconds
[2025-09-17T23:08:39.073+0000] {processor.py:161} INFO - Started process (PID=175) to work on /opt/airflow/dags/generate_orders_dag.py
[2025-09-17T23:08:39.075+0000] {processor.py:830} INFO - Processing file /opt/airflow/dags/generate_orders_dag.py for tasks to queue
[2025-09-17T23:08:39.077+0000] {logging_mixin.py:188} INFO - [2025-09-17T23:08:39.076+0000] {dagbag.py:545} INFO - Filling up the DagBag from /opt/airflow/dags/generate_orders_dag.py
[2025-09-17T23:08:39.100+0000] {processor.py:842} WARNING - No viable dags retrieved from /opt/airflow/dags/generate_orders_dag.py
[2025-09-17T23:08:39.126+0000] {processor.py:183} INFO - Processing /opt/airflow/dags/generate_orders_dag.py took 0.068 seconds
[2025-09-17T23:09:09.646+0000] {processor.py:161} INFO - Started process (PID=178) to work on /opt/airflow/dags/generate_orders_dag.py
[2025-09-17T23:09:09.648+0000] {processor.py:830} INFO - Processing file /opt/airflow/dags/generate_orders_dag.py for tasks to queue
[2025-09-17T23:09:09.649+0000] {logging_mixin.py:188} INFO - [2025-09-17T23:09:09.648+0000] {dagbag.py:545} INFO - Filling up the DagBag from /opt/airflow/dags/generate_orders_dag.py
[2025-09-17T23:09:09.677+0000] {processor.py:842} WARNING - No viable dags retrieved from /opt/airflow/dags/generate_orders_dag.py
[2025-09-17T23:09:09.713+0000] {processor.py:183} INFO - Processing /opt/airflow/dags/generate_orders_dag.py took 0.076 seconds
[2025-09-17T23:09:40.323+0000] {processor.py:161} INFO - Started process (PID=183) to work on /opt/airflow/dags/generate_orders_dag.py
[2025-09-17T23:09:40.324+0000] {processor.py:830} INFO - Processing file /opt/airflow/dags/generate_orders_dag.py for tasks to queue
[2025-09-17T23:09:40.326+0000] {logging_mixin.py:188} INFO - [2025-09-17T23:09:40.325+0000] {dagbag.py:545} INFO - Filling up the DagBag from /opt/airflow/dags/generate_orders_dag.py
[2025-09-17T23:09:40.349+0000] {processor.py:842} WARNING - No viable dags retrieved from /opt/airflow/dags/generate_orders_dag.py
[2025-09-17T23:09:40.374+0000] {processor.py:183} INFO - Processing /opt/airflow/dags/generate_orders_dag.py took 0.061 seconds
[2025-09-17T23:10:10.537+0000] {processor.py:161} INFO - Started process (PID=188) to work on /opt/airflow/dags/generate_orders_dag.py
[2025-09-17T23:10:10.539+0000] {processor.py:830} INFO - Processing file /opt/airflow/dags/generate_orders_dag.py for tasks to queue
[2025-09-17T23:10:10.541+0000] {logging_mixin.py:188} INFO - [2025-09-17T23:10:10.540+0000] {dagbag.py:545} INFO - Filling up the DagBag from /opt/airflow/dags/generate_orders_dag.py
[2025-09-17T23:10:10.581+0000] {processor.py:842} WARNING - No viable dags retrieved from /opt/airflow/dags/generate_orders_dag.py
[2025-09-17T23:10:10.630+0000] {processor.py:183} INFO - Processing /opt/airflow/dags/generate_orders_dag.py took 0.113 seconds
[2025-09-17T23:10:40.839+0000] {processor.py:161} INFO - Started process (PID=191) to work on /opt/airflow/dags/generate_orders_dag.py
[2025-09-17T23:10:40.841+0000] {processor.py:830} INFO - Processing file /opt/airflow/dags/generate_orders_dag.py for tasks to queue
[2025-09-17T23:10:40.843+0000] {logging_mixin.py:188} INFO - [2025-09-17T23:10:40.842+0000] {dagbag.py:545} INFO - Filling up the DagBag from /opt/airflow/dags/generate_orders_dag.py
[2025-09-17T23:10:40.881+0000] {processor.py:842} WARNING - No viable dags retrieved from /opt/airflow/dags/generate_orders_dag.py
[2025-09-17T23:10:40.922+0000] {processor.py:183} INFO - Processing /opt/airflow/dags/generate_orders_dag.py took 0.098 seconds
[2025-09-17T23:11:11.533+0000] {processor.py:161} INFO - Started process (PID=194) to work on /opt/airflow/dags/generate_orders_dag.py
[2025-09-17T23:11:11.535+0000] {processor.py:830} INFO - Processing file /opt/airflow/dags/generate_orders_dag.py for tasks to queue
[2025-09-17T23:11:11.536+0000] {logging_mixin.py:188} INFO - [2025-09-17T23:11:11.536+0000] {dagbag.py:545} INFO - Filling up the DagBag from /opt/airflow/dags/generate_orders_dag.py
[2025-09-17T23:11:11.576+0000] {processor.py:842} WARNING - No viable dags retrieved from /opt/airflow/dags/generate_orders_dag.py
[2025-09-17T23:11:11.629+0000] {processor.py:183} INFO - Processing /opt/airflow/dags/generate_orders_dag.py took 0.106 seconds
[2025-09-17T23:11:41.873+0000] {processor.py:161} INFO - Started process (PID=197) to work on /opt/airflow/dags/generate_orders_dag.py
[2025-09-17T23:11:41.875+0000] {processor.py:830} INFO - Processing file /opt/airflow/dags/generate_orders_dag.py for tasks to queue
[2025-09-17T23:11:41.878+0000] {logging_mixin.py:188} INFO - [2025-09-17T23:11:41.877+0000] {dagbag.py:545} INFO - Filling up the DagBag from /opt/airflow/dags/generate_orders_dag.py
[2025-09-17T23:11:41.924+0000] {processor.py:842} WARNING - No viable dags retrieved from /opt/airflow/dags/generate_orders_dag.py
[2025-09-17T23:11:41.975+0000] {processor.py:183} INFO - Processing /opt/airflow/dags/generate_orders_dag.py took 0.116 seconds
[2025-09-17T23:12:12.541+0000] {processor.py:161} INFO - Started process (PID=200) to work on /opt/airflow/dags/generate_orders_dag.py
[2025-09-17T23:12:12.543+0000] {processor.py:830} INFO - Processing file /opt/airflow/dags/generate_orders_dag.py for tasks to queue
[2025-09-17T23:12:12.545+0000] {logging_mixin.py:188} INFO - [2025-09-17T23:12:12.544+0000] {dagbag.py:545} INFO - Filling up the DagBag from /opt/airflow/dags/generate_orders_dag.py
[2025-09-17T23:12:12.568+0000] {processor.py:842} WARNING - No viable dags retrieved from /opt/airflow/dags/generate_orders_dag.py
[2025-09-17T23:12:12.596+0000] {processor.py:183} INFO - Processing /opt/airflow/dags/generate_orders_dag.py took 0.064 seconds
[2025-09-17T23:12:42.727+0000] {processor.py:161} INFO - Started process (PID=203) to work on /opt/airflow/dags/generate_orders_dag.py
[2025-09-17T23:12:42.730+0000] {processor.py:830} INFO - Processing file /opt/airflow/dags/generate_orders_dag.py for tasks to queue
[2025-09-17T23:12:42.732+0000] {logging_mixin.py:188} INFO - [2025-09-17T23:12:42.731+0000] {dagbag.py:545} INFO - Filling up the DagBag from /opt/airflow/dags/generate_orders_dag.py
[2025-09-17T23:12:42.765+0000] {processor.py:842} WARNING - No viable dags retrieved from /opt/airflow/dags/generate_orders_dag.py
[2025-09-17T23:12:42.814+0000] {processor.py:183} INFO - Processing /opt/airflow/dags/generate_orders_dag.py took 0.101 seconds
[2025-09-17T23:13:13.404+0000] {processor.py:161} INFO - Started process (PID=206) to work on /opt/airflow/dags/generate_orders_dag.py
[2025-09-17T23:13:13.405+0000] {processor.py:830} INFO - Processing file /opt/airflow/dags/generate_orders_dag.py for tasks to queue
[2025-09-17T23:13:13.407+0000] {logging_mixin.py:188} INFO - [2025-09-17T23:13:13.406+0000] {dagbag.py:545} INFO - Filling up the DagBag from /opt/airflow/dags/generate_orders_dag.py
[2025-09-17T23:13:13.430+0000] {processor.py:842} WARNING - No viable dags retrieved from /opt/airflow/dags/generate_orders_dag.py
[2025-09-17T23:13:13.458+0000] {processor.py:183} INFO - Processing /opt/airflow/dags/generate_orders_dag.py took 0.063 seconds
[2025-09-17T23:13:43.712+0000] {processor.py:161} INFO - Started process (PID=209) to work on /opt/airflow/dags/generate_orders_dag.py
[2025-09-17T23:13:43.714+0000] {processor.py:830} INFO - Processing file /opt/airflow/dags/generate_orders_dag.py for tasks to queue
[2025-09-17T23:13:43.716+0000] {logging_mixin.py:188} INFO - [2025-09-17T23:13:43.716+0000] {dagbag.py:545} INFO - Filling up the DagBag from /opt/airflow/dags/generate_orders_dag.py
[2025-09-17T23:13:43.751+0000] {processor.py:842} WARNING - No viable dags retrieved from /opt/airflow/dags/generate_orders_dag.py
[2025-09-17T23:13:43.801+0000] {processor.py:183} INFO - Processing /opt/airflow/dags/generate_orders_dag.py took 0.108 seconds
[2025-09-17T23:14:14.440+0000] {processor.py:161} INFO - Started process (PID=212) to work on /opt/airflow/dags/generate_orders_dag.py
[2025-09-17T23:14:14.442+0000] {processor.py:830} INFO - Processing file /opt/airflow/dags/generate_orders_dag.py for tasks to queue
[2025-09-17T23:14:14.444+0000] {logging_mixin.py:188} INFO - [2025-09-17T23:14:14.443+0000] {dagbag.py:545} INFO - Filling up the DagBag from /opt/airflow/dags/generate_orders_dag.py
[2025-09-17T23:14:14.483+0000] {processor.py:842} WARNING - No viable dags retrieved from /opt/airflow/dags/generate_orders_dag.py
[2025-09-17T23:14:14.534+0000] {processor.py:183} INFO - Processing /opt/airflow/dags/generate_orders_dag.py took 0.113 seconds
[2025-09-17T23:14:45.132+0000] {processor.py:161} INFO - Started process (PID=215) to work on /opt/airflow/dags/generate_orders_dag.py
[2025-09-17T23:14:45.133+0000] {processor.py:830} INFO - Processing file /opt/airflow/dags/generate_orders_dag.py for tasks to queue
[2025-09-17T23:14:45.135+0000] {logging_mixin.py:188} INFO - [2025-09-17T23:14:45.134+0000] {dagbag.py:545} INFO - Filling up the DagBag from /opt/airflow/dags/generate_orders_dag.py
[2025-09-17T23:14:45.159+0000] {processor.py:842} WARNING - No viable dags retrieved from /opt/airflow/dags/generate_orders_dag.py
[2025-09-17T23:14:45.189+0000] {processor.py:183} INFO - Processing /opt/airflow/dags/generate_orders_dag.py took 0.067 seconds
[2025-09-17T23:15:15.327+0000] {processor.py:161} INFO - Started process (PID=218) to work on /opt/airflow/dags/generate_orders_dag.py
[2025-09-17T23:15:15.329+0000] {processor.py:830} INFO - Processing file /opt/airflow/dags/generate_orders_dag.py for tasks to queue
[2025-09-17T23:15:15.331+0000] {logging_mixin.py:188} INFO - [2025-09-17T23:15:15.330+0000] {dagbag.py:545} INFO - Filling up the DagBag from /opt/airflow/dags/generate_orders_dag.py
[2025-09-17T23:15:15.355+0000] {processor.py:842} WARNING - No viable dags retrieved from /opt/airflow/dags/generate_orders_dag.py
[2025-09-17T23:15:15.405+0000] {processor.py:183} INFO - Processing /opt/airflow/dags/generate_orders_dag.py took 0.088 seconds
[2025-09-17T23:15:45.564+0000] {processor.py:161} INFO - Started process (PID=221) to work on /opt/airflow/dags/generate_orders_dag.py
[2025-09-17T23:15:45.566+0000] {processor.py:830} INFO - Processing file /opt/airflow/dags/generate_orders_dag.py for tasks to queue
[2025-09-17T23:15:45.568+0000] {logging_mixin.py:188} INFO - [2025-09-17T23:15:45.567+0000] {dagbag.py:545} INFO - Filling up the DagBag from /opt/airflow/dags/generate_orders_dag.py
[2025-09-17T23:15:45.595+0000] {processor.py:842} WARNING - No viable dags retrieved from /opt/airflow/dags/generate_orders_dag.py
[2025-09-17T23:15:45.619+0000] {processor.py:183} INFO - Processing /opt/airflow/dags/generate_orders_dag.py took 0.069 seconds
[2025-09-17T23:16:15.804+0000] {processor.py:161} INFO - Started process (PID=224) to work on /opt/airflow/dags/generate_orders_dag.py
[2025-09-17T23:16:15.806+0000] {processor.py:830} INFO - Processing file /opt/airflow/dags/generate_orders_dag.py for tasks to queue
[2025-09-17T23:16:15.810+0000] {logging_mixin.py:188} INFO - [2025-09-17T23:16:15.809+0000] {dagbag.py:545} INFO - Filling up the DagBag from /opt/airflow/dags/generate_orders_dag.py
[2025-09-17T23:16:15.854+0000] {processor.py:842} WARNING - No viable dags retrieved from /opt/airflow/dags/generate_orders_dag.py
[2025-09-17T23:16:15.903+0000] {processor.py:183} INFO - Processing /opt/airflow/dags/generate_orders_dag.py took 0.111 seconds
[2025-09-17T23:16:46.429+0000] {processor.py:161} INFO - Started process (PID=227) to work on /opt/airflow/dags/generate_orders_dag.py
[2025-09-17T23:16:46.431+0000] {processor.py:830} INFO - Processing file /opt/airflow/dags/generate_orders_dag.py for tasks to queue
[2025-09-17T23:16:46.432+0000] {logging_mixin.py:188} INFO - [2025-09-17T23:16:46.432+0000] {dagbag.py:545} INFO - Filling up the DagBag from /opt/airflow/dags/generate_orders_dag.py
[2025-09-17T23:16:46.454+0000] {processor.py:842} WARNING - No viable dags retrieved from /opt/airflow/dags/generate_orders_dag.py
[2025-09-17T23:16:46.479+0000] {processor.py:183} INFO - Processing /opt/airflow/dags/generate_orders_dag.py took 0.060 seconds
[2025-09-17T23:17:16.659+0000] {processor.py:161} INFO - Started process (PID=230) to work on /opt/airflow/dags/generate_orders_dag.py
[2025-09-17T23:17:16.662+0000] {processor.py:830} INFO - Processing file /opt/airflow/dags/generate_orders_dag.py for tasks to queue
[2025-09-17T23:17:16.664+0000] {logging_mixin.py:188} INFO - [2025-09-17T23:17:16.664+0000] {dagbag.py:545} INFO - Filling up the DagBag from /opt/airflow/dags/generate_orders_dag.py
[2025-09-17T23:17:16.696+0000] {processor.py:842} WARNING - No viable dags retrieved from /opt/airflow/dags/generate_orders_dag.py
[2025-09-17T23:17:16.735+0000] {processor.py:183} INFO - Processing /opt/airflow/dags/generate_orders_dag.py took 0.111 seconds
[2025-09-17T23:17:47.354+0000] {processor.py:161} INFO - Started process (PID=233) to work on /opt/airflow/dags/generate_orders_dag.py
[2025-09-17T23:17:47.357+0000] {processor.py:830} INFO - Processing file /opt/airflow/dags/generate_orders_dag.py for tasks to queue
[2025-09-17T23:17:47.359+0000] {logging_mixin.py:188} INFO - [2025-09-17T23:17:47.359+0000] {dagbag.py:545} INFO - Filling up the DagBag from /opt/airflow/dags/generate_orders_dag.py
[2025-09-17T23:17:47.389+0000] {processor.py:842} WARNING - No viable dags retrieved from /opt/airflow/dags/generate_orders_dag.py
[2025-09-17T23:17:47.413+0000] {processor.py:183} INFO - Processing /opt/airflow/dags/generate_orders_dag.py took 0.088 seconds
[2025-09-17T23:18:17.967+0000] {processor.py:161} INFO - Started process (PID=236) to work on /opt/airflow/dags/generate_orders_dag.py
[2025-09-17T23:18:17.969+0000] {processor.py:830} INFO - Processing file /opt/airflow/dags/generate_orders_dag.py for tasks to queue
[2025-09-17T23:18:17.971+0000] {logging_mixin.py:188} INFO - [2025-09-17T23:18:17.970+0000] {dagbag.py:545} INFO - Filling up the DagBag from /opt/airflow/dags/generate_orders_dag.py
[2025-09-17T23:18:17.994+0000] {processor.py:842} WARNING - No viable dags retrieved from /opt/airflow/dags/generate_orders_dag.py
[2025-09-17T23:18:18.017+0000] {processor.py:183} INFO - Processing /opt/airflow/dags/generate_orders_dag.py took 0.059 seconds
[2025-09-17T23:18:48.164+0000] {processor.py:161} INFO - Started process (PID=239) to work on /opt/airflow/dags/generate_orders_dag.py
[2025-09-17T23:18:48.166+0000] {processor.py:830} INFO - Processing file /opt/airflow/dags/generate_orders_dag.py for tasks to queue
[2025-09-17T23:18:48.167+0000] {logging_mixin.py:188} INFO - [2025-09-17T23:18:48.166+0000] {dagbag.py:545} INFO - Filling up the DagBag from /opt/airflow/dags/generate_orders_dag.py
[2025-09-17T23:18:48.192+0000] {processor.py:842} WARNING - No viable dags retrieved from /opt/airflow/dags/generate_orders_dag.py
[2025-09-17T23:18:48.215+0000] {processor.py:183} INFO - Processing /opt/airflow/dags/generate_orders_dag.py took 0.059 seconds
[2025-09-17T23:19:18.336+0000] {processor.py:161} INFO - Started process (PID=242) to work on /opt/airflow/dags/generate_orders_dag.py
[2025-09-17T23:19:18.338+0000] {processor.py:830} INFO - Processing file /opt/airflow/dags/generate_orders_dag.py for tasks to queue
[2025-09-17T23:19:18.340+0000] {logging_mixin.py:188} INFO - [2025-09-17T23:19:18.340+0000] {dagbag.py:545} INFO - Filling up the DagBag from /opt/airflow/dags/generate_orders_dag.py
[2025-09-17T23:19:18.386+0000] {processor.py:842} WARNING - No viable dags retrieved from /opt/airflow/dags/generate_orders_dag.py
[2025-09-17T23:19:18.429+0000] {processor.py:183} INFO - Processing /opt/airflow/dags/generate_orders_dag.py took 0.102 seconds
[2025-09-17T23:19:49.137+0000] {processor.py:161} INFO - Started process (PID=245) to work on /opt/airflow/dags/generate_orders_dag.py
[2025-09-17T23:19:49.140+0000] {processor.py:830} INFO - Processing file /opt/airflow/dags/generate_orders_dag.py for tasks to queue
[2025-09-17T23:19:49.143+0000] {logging_mixin.py:188} INFO - [2025-09-17T23:19:49.142+0000] {dagbag.py:545} INFO - Filling up the DagBag from /opt/airflow/dags/generate_orders_dag.py
[2025-09-17T23:19:49.189+0000] {processor.py:842} WARNING - No viable dags retrieved from /opt/airflow/dags/generate_orders_dag.py
[2025-09-17T23:19:49.223+0000] {processor.py:183} INFO - Processing /opt/airflow/dags/generate_orders_dag.py took 0.118 seconds
[2025-09-17T23:20:19.831+0000] {processor.py:161} INFO - Started process (PID=248) to work on /opt/airflow/dags/generate_orders_dag.py
[2025-09-17T23:20:19.833+0000] {processor.py:830} INFO - Processing file /opt/airflow/dags/generate_orders_dag.py for tasks to queue
[2025-09-17T23:20:19.834+0000] {logging_mixin.py:188} INFO - [2025-09-17T23:20:19.834+0000] {dagbag.py:545} INFO - Filling up the DagBag from /opt/airflow/dags/generate_orders_dag.py
[2025-09-17T23:20:19.862+0000] {processor.py:842} WARNING - No viable dags retrieved from /opt/airflow/dags/generate_orders_dag.py
[2025-09-17T23:20:19.898+0000] {processor.py:183} INFO - Processing /opt/airflow/dags/generate_orders_dag.py took 0.077 seconds
[2025-09-17T23:20:50.025+0000] {processor.py:161} INFO - Started process (PID=251) to work on /opt/airflow/dags/generate_orders_dag.py
[2025-09-17T23:20:50.027+0000] {processor.py:830} INFO - Processing file /opt/airflow/dags/generate_orders_dag.py for tasks to queue
[2025-09-17T23:20:50.028+0000] {logging_mixin.py:188} INFO - [2025-09-17T23:20:50.028+0000] {dagbag.py:545} INFO - Filling up the DagBag from /opt/airflow/dags/generate_orders_dag.py
[2025-09-17T23:20:50.051+0000] {processor.py:842} WARNING - No viable dags retrieved from /opt/airflow/dags/generate_orders_dag.py
[2025-09-17T23:20:50.075+0000] {processor.py:183} INFO - Processing /opt/airflow/dags/generate_orders_dag.py took 0.060 seconds
[2025-09-17T23:21:20.209+0000] {processor.py:161} INFO - Started process (PID=254) to work on /opt/airflow/dags/generate_orders_dag.py
[2025-09-17T23:21:20.211+0000] {processor.py:830} INFO - Processing file /opt/airflow/dags/generate_orders_dag.py for tasks to queue
[2025-09-17T23:21:20.213+0000] {logging_mixin.py:188} INFO - [2025-09-17T23:21:20.212+0000] {dagbag.py:545} INFO - Filling up the DagBag from /opt/airflow/dags/generate_orders_dag.py
[2025-09-17T23:21:20.234+0000] {processor.py:842} WARNING - No viable dags retrieved from /opt/airflow/dags/generate_orders_dag.py
[2025-09-17T23:21:20.258+0000] {processor.py:183} INFO - Processing /opt/airflow/dags/generate_orders_dag.py took 0.058 seconds
[2025-09-17T23:21:50.470+0000] {processor.py:161} INFO - Started process (PID=257) to work on /opt/airflow/dags/generate_orders_dag.py
[2025-09-17T23:21:50.472+0000] {processor.py:830} INFO - Processing file /opt/airflow/dags/generate_orders_dag.py for tasks to queue
[2025-09-17T23:21:50.474+0000] {logging_mixin.py:188} INFO - [2025-09-17T23:21:50.473+0000] {dagbag.py:545} INFO - Filling up the DagBag from /opt/airflow/dags/generate_orders_dag.py
[2025-09-17T23:21:50.508+0000] {processor.py:842} WARNING - No viable dags retrieved from /opt/airflow/dags/generate_orders_dag.py
[2025-09-17T23:21:50.555+0000] {processor.py:183} INFO - Processing /opt/airflow/dags/generate_orders_dag.py took 0.104 seconds
[2025-09-17T23:22:21.128+0000] {processor.py:161} INFO - Started process (PID=260) to work on /opt/airflow/dags/generate_orders_dag.py
[2025-09-17T23:22:21.129+0000] {processor.py:830} INFO - Processing file /opt/airflow/dags/generate_orders_dag.py for tasks to queue
[2025-09-17T23:22:21.130+0000] {logging_mixin.py:188} INFO - [2025-09-17T23:22:21.130+0000] {dagbag.py:545} INFO - Filling up the DagBag from /opt/airflow/dags/generate_orders_dag.py
[2025-09-17T23:22:21.154+0000] {processor.py:842} WARNING - No viable dags retrieved from /opt/airflow/dags/generate_orders_dag.py
[2025-09-17T23:22:21.177+0000] {processor.py:183} INFO - Processing /opt/airflow/dags/generate_orders_dag.py took 0.058 seconds
[2025-09-17T23:22:51.754+0000] {processor.py:161} INFO - Started process (PID=263) to work on /opt/airflow/dags/generate_orders_dag.py
[2025-09-17T23:22:51.756+0000] {processor.py:830} INFO - Processing file /opt/airflow/dags/generate_orders_dag.py for tasks to queue
[2025-09-17T23:22:51.759+0000] {logging_mixin.py:188} INFO - [2025-09-17T23:22:51.758+0000] {dagbag.py:545} INFO - Filling up the DagBag from /opt/airflow/dags/generate_orders_dag.py
[2025-09-17T23:22:51.787+0000] {processor.py:842} WARNING - No viable dags retrieved from /opt/airflow/dags/generate_orders_dag.py
[2025-09-17T23:22:51.814+0000] {processor.py:183} INFO - Processing /opt/airflow/dags/generate_orders_dag.py took 0.074 seconds
[2025-09-17T23:23:22.370+0000] {processor.py:161} INFO - Started process (PID=266) to work on /opt/airflow/dags/generate_orders_dag.py
[2025-09-17T23:23:22.372+0000] {processor.py:830} INFO - Processing file /opt/airflow/dags/generate_orders_dag.py for tasks to queue
[2025-09-17T23:23:22.373+0000] {logging_mixin.py:188} INFO - [2025-09-17T23:23:22.373+0000] {dagbag.py:545} INFO - Filling up the DagBag from /opt/airflow/dags/generate_orders_dag.py
[2025-09-17T23:23:22.401+0000] {processor.py:842} WARNING - No viable dags retrieved from /opt/airflow/dags/generate_orders_dag.py
[2025-09-17T23:23:22.430+0000] {processor.py:183} INFO - Processing /opt/airflow/dags/generate_orders_dag.py took 0.068 seconds
[2025-09-17T23:23:52.588+0000] {processor.py:161} INFO - Started process (PID=269) to work on /opt/airflow/dags/generate_orders_dag.py
[2025-09-17T23:23:52.591+0000] {processor.py:830} INFO - Processing file /opt/airflow/dags/generate_orders_dag.py for tasks to queue
[2025-09-17T23:23:52.594+0000] {logging_mixin.py:188} INFO - [2025-09-17T23:23:52.593+0000] {dagbag.py:545} INFO - Filling up the DagBag from /opt/airflow/dags/generate_orders_dag.py
[2025-09-17T23:23:52.639+0000] {processor.py:842} WARNING - No viable dags retrieved from /opt/airflow/dags/generate_orders_dag.py
[2025-09-17T23:23:52.688+0000] {processor.py:183} INFO - Processing /opt/airflow/dags/generate_orders_dag.py took 0.114 seconds
[2025-09-17T23:24:23.147+0000] {processor.py:161} INFO - Started process (PID=271) to work on /opt/airflow/dags/generate_orders_dag.py
[2025-09-17T23:24:23.149+0000] {processor.py:830} INFO - Processing file /opt/airflow/dags/generate_orders_dag.py for tasks to queue
[2025-09-17T23:24:23.151+0000] {logging_mixin.py:188} INFO - [2025-09-17T23:24:23.150+0000] {dagbag.py:545} INFO - Filling up the DagBag from /opt/airflow/dags/generate_orders_dag.py
[2025-09-17T23:24:23.174+0000] {processor.py:842} WARNING - No viable dags retrieved from /opt/airflow/dags/generate_orders_dag.py
[2025-09-17T23:24:23.204+0000] {processor.py:183} INFO - Processing /opt/airflow/dags/generate_orders_dag.py took 0.066 seconds
[2025-09-17T23:24:53.767+0000] {processor.py:161} INFO - Started process (PID=273) to work on /opt/airflow/dags/generate_orders_dag.py
[2025-09-17T23:24:53.770+0000] {processor.py:830} INFO - Processing file /opt/airflow/dags/generate_orders_dag.py for tasks to queue
[2025-09-17T23:24:53.773+0000] {logging_mixin.py:188} INFO - [2025-09-17T23:24:53.772+0000] {dagbag.py:545} INFO - Filling up the DagBag from /opt/airflow/dags/generate_orders_dag.py
[2025-09-17T23:24:53.820+0000] {processor.py:842} WARNING - No viable dags retrieved from /opt/airflow/dags/generate_orders_dag.py
[2025-09-17T23:24:53.863+0000] {processor.py:183} INFO - Processing /opt/airflow/dags/generate_orders_dag.py took 0.112 seconds
[2025-09-17T23:25:24.151+0000] {processor.py:161} INFO - Started process (PID=276) to work on /opt/airflow/dags/generate_orders_dag.py
[2025-09-17T23:25:24.153+0000] {processor.py:830} INFO - Processing file /opt/airflow/dags/generate_orders_dag.py for tasks to queue
[2025-09-17T23:25:24.156+0000] {logging_mixin.py:188} INFO - [2025-09-17T23:25:24.155+0000] {dagbag.py:545} INFO - Filling up the DagBag from /opt/airflow/dags/generate_orders_dag.py
[2025-09-17T23:25:24.186+0000] {processor.py:842} WARNING - No viable dags retrieved from /opt/airflow/dags/generate_orders_dag.py
[2025-09-17T23:25:24.223+0000] {processor.py:183} INFO - Processing /opt/airflow/dags/generate_orders_dag.py took 0.098 seconds
[2025-09-17T23:25:54.895+0000] {processor.py:161} INFO - Started process (PID=279) to work on /opt/airflow/dags/generate_orders_dag.py
[2025-09-17T23:25:54.898+0000] {processor.py:830} INFO - Processing file /opt/airflow/dags/generate_orders_dag.py for tasks to queue
[2025-09-17T23:25:54.900+0000] {logging_mixin.py:188} INFO - [2025-09-17T23:25:54.900+0000] {dagbag.py:545} INFO - Filling up the DagBag from /opt/airflow/dags/generate_orders_dag.py
[2025-09-17T23:25:54.937+0000] {processor.py:842} WARNING - No viable dags retrieved from /opt/airflow/dags/generate_orders_dag.py
[2025-09-17T23:25:54.982+0000] {processor.py:183} INFO - Processing /opt/airflow/dags/generate_orders_dag.py took 0.101 seconds
[2025-09-17T23:26:25.637+0000] {processor.py:161} INFO - Started process (PID=282) to work on /opt/airflow/dags/generate_orders_dag.py
[2025-09-17T23:26:25.639+0000] {processor.py:830} INFO - Processing file /opt/airflow/dags/generate_orders_dag.py for tasks to queue
[2025-09-17T23:26:25.641+0000] {logging_mixin.py:188} INFO - [2025-09-17T23:26:25.641+0000] {dagbag.py:545} INFO - Filling up the DagBag from /opt/airflow/dags/generate_orders_dag.py
[2025-09-17T23:26:25.665+0000] {processor.py:842} WARNING - No viable dags retrieved from /opt/airflow/dags/generate_orders_dag.py
[2025-09-17T23:26:25.691+0000] {processor.py:183} INFO - Processing /opt/airflow/dags/generate_orders_dag.py took 0.066 seconds
[2025-09-17T23:26:56.257+0000] {processor.py:161} INFO - Started process (PID=285) to work on /opt/airflow/dags/generate_orders_dag.py
[2025-09-17T23:26:56.259+0000] {processor.py:830} INFO - Processing file /opt/airflow/dags/generate_orders_dag.py for tasks to queue
[2025-09-17T23:26:56.261+0000] {logging_mixin.py:188} INFO - [2025-09-17T23:26:56.260+0000] {dagbag.py:545} INFO - Filling up the DagBag from /opt/airflow/dags/generate_orders_dag.py
[2025-09-17T23:26:56.285+0000] {processor.py:842} WARNING - No viable dags retrieved from /opt/airflow/dags/generate_orders_dag.py
[2025-09-17T23:26:56.312+0000] {processor.py:183} INFO - Processing /opt/airflow/dags/generate_orders_dag.py took 0.064 seconds
[2025-09-17T23:27:26.504+0000] {processor.py:161} INFO - Started process (PID=288) to work on /opt/airflow/dags/generate_orders_dag.py
[2025-09-17T23:27:26.506+0000] {processor.py:830} INFO - Processing file /opt/airflow/dags/generate_orders_dag.py for tasks to queue
[2025-09-17T23:27:26.508+0000] {logging_mixin.py:188} INFO - [2025-09-17T23:27:26.508+0000] {dagbag.py:545} INFO - Filling up the DagBag from /opt/airflow/dags/generate_orders_dag.py
[2025-09-17T23:27:26.533+0000] {processor.py:842} WARNING - No viable dags retrieved from /opt/airflow/dags/generate_orders_dag.py
[2025-09-17T23:27:26.560+0000] {processor.py:183} INFO - Processing /opt/airflow/dags/generate_orders_dag.py took 0.070 seconds
[2025-09-17T23:27:57.120+0000] {processor.py:161} INFO - Started process (PID=291) to work on /opt/airflow/dags/generate_orders_dag.py
[2025-09-17T23:27:57.123+0000] {processor.py:830} INFO - Processing file /opt/airflow/dags/generate_orders_dag.py for tasks to queue
[2025-09-17T23:27:57.124+0000] {logging_mixin.py:188} INFO - [2025-09-17T23:27:57.124+0000] {dagbag.py:545} INFO - Filling up the DagBag from /opt/airflow/dags/generate_orders_dag.py
[2025-09-17T23:27:57.152+0000] {processor.py:842} WARNING - No viable dags retrieved from /opt/airflow/dags/generate_orders_dag.py
[2025-09-17T23:27:57.183+0000] {processor.py:183} INFO - Processing /opt/airflow/dags/generate_orders_dag.py took 0.077 seconds
[2025-09-17T23:28:27.877+0000] {processor.py:161} INFO - Started process (PID=294) to work on /opt/airflow/dags/generate_orders_dag.py
[2025-09-17T23:28:27.882+0000] {processor.py:830} INFO - Processing file /opt/airflow/dags/generate_orders_dag.py for tasks to queue
[2025-09-17T23:28:27.887+0000] {logging_mixin.py:188} INFO - [2025-09-17T23:28:27.885+0000] {dagbag.py:545} INFO - Filling up the DagBag from /opt/airflow/dags/generate_orders_dag.py
[2025-09-17T23:28:27.955+0000] {processor.py:842} WARNING - No viable dags retrieved from /opt/airflow/dags/generate_orders_dag.py
[2025-09-17T23:28:28.028+0000] {processor.py:183} INFO - Processing /opt/airflow/dags/generate_orders_dag.py took 0.183 seconds
[2025-09-17T23:28:58.165+0000] {processor.py:161} INFO - Started process (PID=297) to work on /opt/airflow/dags/generate_orders_dag.py
[2025-09-17T23:28:58.166+0000] {processor.py:830} INFO - Processing file /opt/airflow/dags/generate_orders_dag.py for tasks to queue
[2025-09-17T23:28:58.168+0000] {logging_mixin.py:188} INFO - [2025-09-17T23:28:58.167+0000] {dagbag.py:545} INFO - Filling up the DagBag from /opt/airflow/dags/generate_orders_dag.py
[2025-09-17T23:28:58.190+0000] {processor.py:842} WARNING - No viable dags retrieved from /opt/airflow/dags/generate_orders_dag.py
[2025-09-17T23:28:58.215+0000] {processor.py:183} INFO - Processing /opt/airflow/dags/generate_orders_dag.py took 0.059 seconds
[2025-09-17T23:29:28.648+0000] {processor.py:161} INFO - Started process (PID=300) to work on /opt/airflow/dags/generate_orders_dag.py
[2025-09-17T23:29:28.651+0000] {processor.py:830} INFO - Processing file /opt/airflow/dags/generate_orders_dag.py for tasks to queue
[2025-09-17T23:29:28.655+0000] {logging_mixin.py:188} INFO - [2025-09-17T23:29:28.654+0000] {dagbag.py:545} INFO - Filling up the DagBag from /opt/airflow/dags/generate_orders_dag.py
[2025-09-17T23:29:28.676+0000] {processor.py:842} WARNING - No viable dags retrieved from /opt/airflow/dags/generate_orders_dag.py
[2025-09-17T23:29:28.700+0000] {processor.py:183} INFO - Processing /opt/airflow/dags/generate_orders_dag.py took 0.063 seconds
[2025-09-17T23:29:58.799+0000] {processor.py:161} INFO - Started process (PID=303) to work on /opt/airflow/dags/generate_orders_dag.py
[2025-09-17T23:29:58.800+0000] {processor.py:830} INFO - Processing file /opt/airflow/dags/generate_orders_dag.py for tasks to queue
[2025-09-17T23:29:58.802+0000] {logging_mixin.py:188} INFO - [2025-09-17T23:29:58.802+0000] {dagbag.py:545} INFO - Filling up the DagBag from /opt/airflow/dags/generate_orders_dag.py
[2025-09-17T23:29:58.822+0000] {processor.py:842} WARNING - No viable dags retrieved from /opt/airflow/dags/generate_orders_dag.py
[2025-09-17T23:29:58.849+0000] {processor.py:183} INFO - Processing /opt/airflow/dags/generate_orders_dag.py took 0.060 seconds
[2025-09-17T23:30:29.270+0000] {processor.py:161} INFO - Started process (PID=306) to work on /opt/airflow/dags/generate_orders_dag.py
[2025-09-17T23:30:29.272+0000] {processor.py:830} INFO - Processing file /opt/airflow/dags/generate_orders_dag.py for tasks to queue
[2025-09-17T23:30:29.273+0000] {logging_mixin.py:188} INFO - [2025-09-17T23:30:29.273+0000] {dagbag.py:545} INFO - Filling up the DagBag from /opt/airflow/dags/generate_orders_dag.py
[2025-09-17T23:30:29.298+0000] {processor.py:842} WARNING - No viable dags retrieved from /opt/airflow/dags/generate_orders_dag.py
[2025-09-17T23:30:29.327+0000] {processor.py:183} INFO - Processing /opt/airflow/dags/generate_orders_dag.py took 0.066 seconds
[2025-09-17T23:30:59.848+0000] {processor.py:161} INFO - Started process (PID=309) to work on /opt/airflow/dags/generate_orders_dag.py
[2025-09-17T23:30:59.851+0000] {processor.py:830} INFO - Processing file /opt/airflow/dags/generate_orders_dag.py for tasks to queue
[2025-09-17T23:30:59.854+0000] {logging_mixin.py:188} INFO - [2025-09-17T23:30:59.853+0000] {dagbag.py:545} INFO - Filling up the DagBag from /opt/airflow/dags/generate_orders_dag.py
[2025-09-17T23:30:59.872+0000] {processor.py:842} WARNING - No viable dags retrieved from /opt/airflow/dags/generate_orders_dag.py
[2025-09-17T23:30:59.905+0000] {processor.py:183} INFO - Processing /opt/airflow/dags/generate_orders_dag.py took 0.089 seconds
[2025-09-17T23:31:30.467+0000] {processor.py:161} INFO - Started process (PID=314) to work on /opt/airflow/dags/generate_orders_dag.py
[2025-09-17T23:31:30.469+0000] {processor.py:830} INFO - Processing file /opt/airflow/dags/generate_orders_dag.py for tasks to queue
[2025-09-17T23:31:30.470+0000] {logging_mixin.py:188} INFO - [2025-09-17T23:31:30.470+0000] {dagbag.py:545} INFO - Filling up the DagBag from /opt/airflow/dags/generate_orders_dag.py
[2025-09-17T23:31:30.505+0000] {processor.py:842} WARNING - No viable dags retrieved from /opt/airflow/dags/generate_orders_dag.py
[2025-09-17T23:31:30.542+0000] {processor.py:183} INFO - Processing /opt/airflow/dags/generate_orders_dag.py took 0.084 seconds
[2025-09-17T23:32:01.015+0000] {processor.py:161} INFO - Started process (PID=317) to work on /opt/airflow/dags/generate_orders_dag.py
[2025-09-17T23:32:01.017+0000] {processor.py:830} INFO - Processing file /opt/airflow/dags/generate_orders_dag.py for tasks to queue
[2025-09-17T23:32:01.018+0000] {logging_mixin.py:188} INFO - [2025-09-17T23:32:01.018+0000] {dagbag.py:545} INFO - Filling up the DagBag from /opt/airflow/dags/generate_orders_dag.py
[2025-09-17T23:32:01.038+0000] {processor.py:842} WARNING - No viable dags retrieved from /opt/airflow/dags/generate_orders_dag.py
[2025-09-17T23:32:01.070+0000] {processor.py:183} INFO - Processing /opt/airflow/dags/generate_orders_dag.py took 0.064 seconds
[2025-09-17T23:32:31.226+0000] {processor.py:161} INFO - Started process (PID=320) to work on /opt/airflow/dags/generate_orders_dag.py
[2025-09-17T23:32:31.228+0000] {processor.py:830} INFO - Processing file /opt/airflow/dags/generate_orders_dag.py for tasks to queue
[2025-09-17T23:32:31.230+0000] {logging_mixin.py:188} INFO - [2025-09-17T23:32:31.230+0000] {dagbag.py:545} INFO - Filling up the DagBag from /opt/airflow/dags/generate_orders_dag.py
[2025-09-17T23:32:31.255+0000] {processor.py:842} WARNING - No viable dags retrieved from /opt/airflow/dags/generate_orders_dag.py
[2025-09-17T23:32:31.281+0000] {processor.py:183} INFO - Processing /opt/airflow/dags/generate_orders_dag.py took 0.068 seconds
[2025-09-17T23:33:01.401+0000] {processor.py:161} INFO - Started process (PID=323) to work on /opt/airflow/dags/generate_orders_dag.py
[2025-09-17T23:33:01.403+0000] {processor.py:830} INFO - Processing file /opt/airflow/dags/generate_orders_dag.py for tasks to queue
[2025-09-17T23:33:01.405+0000] {logging_mixin.py:188} INFO - [2025-09-17T23:33:01.405+0000] {dagbag.py:545} INFO - Filling up the DagBag from /opt/airflow/dags/generate_orders_dag.py
[2025-09-17T23:33:01.441+0000] {processor.py:842} WARNING - No viable dags retrieved from /opt/airflow/dags/generate_orders_dag.py
[2025-09-17T23:33:01.475+0000] {processor.py:183} INFO - Processing /opt/airflow/dags/generate_orders_dag.py took 0.086 seconds
[2025-09-17T23:33:31.599+0000] {processor.py:161} INFO - Started process (PID=326) to work on /opt/airflow/dags/generate_orders_dag.py
[2025-09-17T23:33:31.602+0000] {processor.py:830} INFO - Processing file /opt/airflow/dags/generate_orders_dag.py for tasks to queue
[2025-09-17T23:33:31.605+0000] {logging_mixin.py:188} INFO - [2025-09-17T23:33:31.604+0000] {dagbag.py:545} INFO - Filling up the DagBag from /opt/airflow/dags/generate_orders_dag.py
[2025-09-17T23:33:31.646+0000] {processor.py:842} WARNING - No viable dags retrieved from /opt/airflow/dags/generate_orders_dag.py
[2025-09-17T23:33:31.685+0000] {processor.py:183} INFO - Processing /opt/airflow/dags/generate_orders_dag.py took 0.103 seconds
[2025-09-17T23:34:02.268+0000] {processor.py:161} INFO - Started process (PID=329) to work on /opt/airflow/dags/generate_orders_dag.py
[2025-09-17T23:34:02.271+0000] {processor.py:830} INFO - Processing file /opt/airflow/dags/generate_orders_dag.py for tasks to queue
[2025-09-17T23:34:02.273+0000] {logging_mixin.py:188} INFO - [2025-09-17T23:34:02.272+0000] {dagbag.py:545} INFO - Filling up the DagBag from /opt/airflow/dags/generate_orders_dag.py
[2025-09-17T23:34:02.307+0000] {processor.py:842} WARNING - No viable dags retrieved from /opt/airflow/dags/generate_orders_dag.py
[2025-09-17T23:34:02.350+0000] {processor.py:183} INFO - Processing /opt/airflow/dags/generate_orders_dag.py took 0.098 seconds
[2025-09-17T23:34:32.645+0000] {processor.py:161} INFO - Started process (PID=332) to work on /opt/airflow/dags/generate_orders_dag.py
[2025-09-17T23:34:32.650+0000] {processor.py:830} INFO - Processing file /opt/airflow/dags/generate_orders_dag.py for tasks to queue
[2025-09-17T23:34:32.655+0000] {logging_mixin.py:188} INFO - [2025-09-17T23:34:32.654+0000] {dagbag.py:545} INFO - Filling up the DagBag from /opt/airflow/dags/generate_orders_dag.py
[2025-09-17T23:34:32.729+0000] {processor.py:842} WARNING - No viable dags retrieved from /opt/airflow/dags/generate_orders_dag.py
[2025-09-17T23:34:32.834+0000] {processor.py:183} INFO - Processing /opt/airflow/dags/generate_orders_dag.py took 0.229 seconds
[2025-09-17T23:35:03.060+0000] {processor.py:161} INFO - Started process (PID=335) to work on /opt/airflow/dags/generate_orders_dag.py
[2025-09-17T23:35:03.063+0000] {processor.py:830} INFO - Processing file /opt/airflow/dags/generate_orders_dag.py for tasks to queue
[2025-09-17T23:35:03.066+0000] {logging_mixin.py:188} INFO - [2025-09-17T23:35:03.065+0000] {dagbag.py:545} INFO - Filling up the DagBag from /opt/airflow/dags/generate_orders_dag.py
[2025-09-17T23:35:03.104+0000] {processor.py:842} WARNING - No viable dags retrieved from /opt/airflow/dags/generate_orders_dag.py
[2025-09-17T23:35:03.145+0000] {processor.py:183} INFO - Processing /opt/airflow/dags/generate_orders_dag.py took 0.103 seconds
[2025-09-17T23:36:04.790+0000] {processor.py:161} INFO - Started process (PID=25) to work on /opt/airflow/dags/generate_orders_dag.py
[2025-09-17T23:36:04.792+0000] {processor.py:830} INFO - Processing file /opt/airflow/dags/generate_orders_dag.py for tasks to queue
[2025-09-17T23:36:04.797+0000] {logging_mixin.py:188} INFO - [2025-09-17T23:36:04.796+0000] {dagbag.py:545} INFO - Filling up the DagBag from /opt/airflow/dags/generate_orders_dag.py
[2025-09-17T23:36:04.818+0000] {processor.py:842} WARNING - No viable dags retrieved from /opt/airflow/dags/generate_orders_dag.py
[2025-09-17T23:36:04.861+0000] {processor.py:183} INFO - Processing /opt/airflow/dags/generate_orders_dag.py took 0.086 seconds
[2025-09-17T23:36:34.968+0000] {processor.py:161} INFO - Started process (PID=27) to work on /opt/airflow/dags/generate_orders_dag.py
[2025-09-17T23:36:34.970+0000] {processor.py:830} INFO - Processing file /opt/airflow/dags/generate_orders_dag.py for tasks to queue
[2025-09-17T23:36:34.985+0000] {logging_mixin.py:188} INFO - [2025-09-17T23:36:34.985+0000] {dagbag.py:545} INFO - Filling up the DagBag from /opt/airflow/dags/generate_orders_dag.py
[2025-09-17T23:36:35.007+0000] {processor.py:842} WARNING - No viable dags retrieved from /opt/airflow/dags/generate_orders_dag.py
[2025-09-17T23:36:35.041+0000] {processor.py:183} INFO - Processing /opt/airflow/dags/generate_orders_dag.py took 0.089 seconds
[2025-09-17T23:37:05.593+0000] {processor.py:161} INFO - Started process (PID=30) to work on /opt/airflow/dags/generate_orders_dag.py
[2025-09-17T23:37:05.596+0000] {processor.py:830} INFO - Processing file /opt/airflow/dags/generate_orders_dag.py for tasks to queue
[2025-09-17T23:37:05.603+0000] {logging_mixin.py:188} INFO - [2025-09-17T23:37:05.602+0000] {dagbag.py:545} INFO - Filling up the DagBag from /opt/airflow/dags/generate_orders_dag.py
[2025-09-17T23:37:05.648+0000] {processor.py:842} WARNING - No viable dags retrieved from /opt/airflow/dags/generate_orders_dag.py
[2025-09-17T23:37:05.698+0000] {processor.py:183} INFO - Processing /opt/airflow/dags/generate_orders_dag.py took 0.125 seconds
[2025-09-17T23:37:35.877+0000] {processor.py:161} INFO - Started process (PID=33) to work on /opt/airflow/dags/generate_orders_dag.py
[2025-09-17T23:37:35.879+0000] {processor.py:830} INFO - Processing file /opt/airflow/dags/generate_orders_dag.py for tasks to queue
[2025-09-17T23:37:35.886+0000] {logging_mixin.py:188} INFO - [2025-09-17T23:37:35.885+0000] {dagbag.py:545} INFO - Filling up the DagBag from /opt/airflow/dags/generate_orders_dag.py
[2025-09-17T23:37:35.930+0000] {processor.py:842} WARNING - No viable dags retrieved from /opt/airflow/dags/generate_orders_dag.py
[2025-09-17T23:37:35.989+0000] {processor.py:183} INFO - Processing /opt/airflow/dags/generate_orders_dag.py took 0.133 seconds
[2025-09-17T23:38:06.581+0000] {processor.py:161} INFO - Started process (PID=36) to work on /opt/airflow/dags/generate_orders_dag.py
[2025-09-17T23:38:06.583+0000] {processor.py:830} INFO - Processing file /opt/airflow/dags/generate_orders_dag.py for tasks to queue
[2025-09-17T23:38:06.586+0000] {logging_mixin.py:188} INFO - [2025-09-17T23:38:06.586+0000] {dagbag.py:545} INFO - Filling up the DagBag from /opt/airflow/dags/generate_orders_dag.py
[2025-09-17T23:38:06.615+0000] {processor.py:842} WARNING - No viable dags retrieved from /opt/airflow/dags/generate_orders_dag.py
[2025-09-17T23:38:06.641+0000] {processor.py:183} INFO - Processing /opt/airflow/dags/generate_orders_dag.py took 0.073 seconds
[2025-09-17T23:38:36.827+0000] {processor.py:161} INFO - Started process (PID=39) to work on /opt/airflow/dags/generate_orders_dag.py
[2025-09-17T23:38:36.829+0000] {processor.py:830} INFO - Processing file /opt/airflow/dags/generate_orders_dag.py for tasks to queue
[2025-09-17T23:38:36.834+0000] {logging_mixin.py:188} INFO - [2025-09-17T23:38:36.833+0000] {dagbag.py:545} INFO - Filling up the DagBag from /opt/airflow/dags/generate_orders_dag.py
[2025-09-17T23:38:36.866+0000] {processor.py:842} WARNING - No viable dags retrieved from /opt/airflow/dags/generate_orders_dag.py
[2025-09-17T23:38:36.892+0000] {processor.py:183} INFO - Processing /opt/airflow/dags/generate_orders_dag.py took 0.082 seconds
[2025-09-17T23:39:06.996+0000] {processor.py:161} INFO - Started process (PID=42) to work on /opt/airflow/dags/generate_orders_dag.py
[2025-09-17T23:39:06.998+0000] {processor.py:830} INFO - Processing file /opt/airflow/dags/generate_orders_dag.py for tasks to queue
[2025-09-17T23:39:07.002+0000] {logging_mixin.py:188} INFO - [2025-09-17T23:39:07.002+0000] {dagbag.py:545} INFO - Filling up the DagBag from /opt/airflow/dags/generate_orders_dag.py
[2025-09-17T23:39:07.047+0000] {processor.py:842} WARNING - No viable dags retrieved from /opt/airflow/dags/generate_orders_dag.py
[2025-09-17T23:39:07.080+0000] {processor.py:183} INFO - Processing /opt/airflow/dags/generate_orders_dag.py took 0.105 seconds
[2025-09-17T23:39:37.183+0000] {processor.py:161} INFO - Started process (PID=45) to work on /opt/airflow/dags/generate_orders_dag.py
[2025-09-17T23:39:37.187+0000] {processor.py:830} INFO - Processing file /opt/airflow/dags/generate_orders_dag.py for tasks to queue
[2025-09-17T23:39:37.191+0000] {logging_mixin.py:188} INFO - [2025-09-17T23:39:37.191+0000] {dagbag.py:545} INFO - Filling up the DagBag from /opt/airflow/dags/generate_orders_dag.py
[2025-09-17T23:39:37.220+0000] {processor.py:842} WARNING - No viable dags retrieved from /opt/airflow/dags/generate_orders_dag.py
[2025-09-17T23:39:37.245+0000] {processor.py:183} INFO - Processing /opt/airflow/dags/generate_orders_dag.py took 0.086 seconds
[2025-09-17T23:40:07.348+0000] {processor.py:161} INFO - Started process (PID=48) to work on /opt/airflow/dags/generate_orders_dag.py
[2025-09-17T23:40:07.350+0000] {processor.py:830} INFO - Processing file /opt/airflow/dags/generate_orders_dag.py for tasks to queue
[2025-09-17T23:40:07.355+0000] {logging_mixin.py:188} INFO - [2025-09-17T23:40:07.354+0000] {dagbag.py:545} INFO - Filling up the DagBag from /opt/airflow/dags/generate_orders_dag.py
[2025-09-17T23:40:07.378+0000] {processor.py:842} WARNING - No viable dags retrieved from /opt/airflow/dags/generate_orders_dag.py
[2025-09-17T23:40:07.405+0000] {processor.py:183} INFO - Processing /opt/airflow/dags/generate_orders_dag.py took 0.067 seconds
[2025-09-17T23:40:37.755+0000] {processor.py:161} INFO - Started process (PID=51) to work on /opt/airflow/dags/generate_orders_dag.py
[2025-09-17T23:40:37.758+0000] {processor.py:830} INFO - Processing file /opt/airflow/dags/generate_orders_dag.py for tasks to queue
[2025-09-17T23:40:37.765+0000] {logging_mixin.py:188} INFO - [2025-09-17T23:40:37.764+0000] {dagbag.py:545} INFO - Filling up the DagBag from /opt/airflow/dags/generate_orders_dag.py
[2025-09-17T23:40:37.812+0000] {processor.py:842} WARNING - No viable dags retrieved from /opt/airflow/dags/generate_orders_dag.py
[2025-09-17T23:40:37.863+0000] {processor.py:183} INFO - Processing /opt/airflow/dags/generate_orders_dag.py took 0.127 seconds
[2025-09-17T23:41:08.273+0000] {processor.py:161} INFO - Started process (PID=54) to work on /opt/airflow/dags/generate_orders_dag.py
[2025-09-17T23:41:08.276+0000] {processor.py:830} INFO - Processing file /opt/airflow/dags/generate_orders_dag.py for tasks to queue
[2025-09-17T23:41:08.281+0000] {logging_mixin.py:188} INFO - [2025-09-17T23:41:08.280+0000] {dagbag.py:545} INFO - Filling up the DagBag from /opt/airflow/dags/generate_orders_dag.py
[2025-09-17T23:41:08.322+0000] {processor.py:842} WARNING - No viable dags retrieved from /opt/airflow/dags/generate_orders_dag.py
[2025-09-17T23:41:08.369+0000] {processor.py:183} INFO - Processing /opt/airflow/dags/generate_orders_dag.py took 0.117 seconds
[2025-09-17T23:41:38.623+0000] {processor.py:161} INFO - Started process (PID=57) to work on /opt/airflow/dags/generate_orders_dag.py
[2025-09-17T23:41:38.625+0000] {processor.py:830} INFO - Processing file /opt/airflow/dags/generate_orders_dag.py for tasks to queue
[2025-09-17T23:41:38.627+0000] {logging_mixin.py:188} INFO - [2025-09-17T23:41:38.627+0000] {dagbag.py:545} INFO - Filling up the DagBag from /opt/airflow/dags/generate_orders_dag.py
[2025-09-17T23:41:38.651+0000] {processor.py:842} WARNING - No viable dags retrieved from /opt/airflow/dags/generate_orders_dag.py
[2025-09-17T23:41:38.683+0000] {processor.py:183} INFO - Processing /opt/airflow/dags/generate_orders_dag.py took 0.070 seconds
[2025-09-17T23:42:08.851+0000] {processor.py:161} INFO - Started process (PID=60) to work on /opt/airflow/dags/generate_orders_dag.py
[2025-09-17T23:42:08.854+0000] {processor.py:830} INFO - Processing file /opt/airflow/dags/generate_orders_dag.py for tasks to queue
[2025-09-17T23:42:08.860+0000] {logging_mixin.py:188} INFO - [2025-09-17T23:42:08.859+0000] {dagbag.py:545} INFO - Filling up the DagBag from /opt/airflow/dags/generate_orders_dag.py
[2025-09-17T23:42:08.907+0000] {processor.py:842} WARNING - No viable dags retrieved from /opt/airflow/dags/generate_orders_dag.py
[2025-09-17T23:42:08.952+0000] {processor.py:183} INFO - Processing /opt/airflow/dags/generate_orders_dag.py took 0.120 seconds
[2025-09-17T23:42:39.117+0000] {processor.py:161} INFO - Started process (PID=63) to work on /opt/airflow/dags/generate_orders_dag.py
[2025-09-17T23:42:39.119+0000] {processor.py:830} INFO - Processing file /opt/airflow/dags/generate_orders_dag.py for tasks to queue
[2025-09-17T23:42:39.122+0000] {logging_mixin.py:188} INFO - [2025-09-17T23:42:39.121+0000] {dagbag.py:545} INFO - Filling up the DagBag from /opt/airflow/dags/generate_orders_dag.py
[2025-09-17T23:42:39.150+0000] {processor.py:842} WARNING - No viable dags retrieved from /opt/airflow/dags/generate_orders_dag.py
[2025-09-17T23:42:39.178+0000] {processor.py:183} INFO - Processing /opt/airflow/dags/generate_orders_dag.py took 0.073 seconds
[2025-09-17T23:43:09.451+0000] {processor.py:161} INFO - Started process (PID=66) to work on /opt/airflow/dags/generate_orders_dag.py
[2025-09-17T23:43:09.453+0000] {processor.py:830} INFO - Processing file /opt/airflow/dags/generate_orders_dag.py for tasks to queue
[2025-09-17T23:43:09.456+0000] {logging_mixin.py:188} INFO - [2025-09-17T23:43:09.455+0000] {dagbag.py:545} INFO - Filling up the DagBag from /opt/airflow/dags/generate_orders_dag.py
[2025-09-17T23:43:09.482+0000] {processor.py:842} WARNING - No viable dags retrieved from /opt/airflow/dags/generate_orders_dag.py
[2025-09-17T23:43:09.513+0000] {processor.py:183} INFO - Processing /opt/airflow/dags/generate_orders_dag.py took 0.072 seconds
[2025-09-17T23:43:58.790+0000] {processor.py:161} INFO - Started process (PID=26) to work on /opt/airflow/dags/generate_orders_dag.py
[2025-09-17T23:43:58.791+0000] {processor.py:830} INFO - Processing file /opt/airflow/dags/generate_orders_dag.py for tasks to queue
[2025-09-17T23:43:58.795+0000] {logging_mixin.py:188} INFO - [2025-09-17T23:43:58.794+0000] {dagbag.py:545} INFO - Filling up the DagBag from /opt/airflow/dags/generate_orders_dag.py
[2025-09-17T23:43:58.813+0000] {processor.py:842} WARNING - No viable dags retrieved from /opt/airflow/dags/generate_orders_dag.py
[2025-09-17T23:43:58.843+0000] {processor.py:183} INFO - Processing /opt/airflow/dags/generate_orders_dag.py took 0.063 seconds
[2025-09-17T23:44:29.113+0000] {processor.py:161} INFO - Started process (PID=28) to work on /opt/airflow/dags/generate_orders_dag.py
[2025-09-17T23:44:29.115+0000] {processor.py:830} INFO - Processing file /opt/airflow/dags/generate_orders_dag.py for tasks to queue
[2025-09-17T23:44:29.129+0000] {logging_mixin.py:188} INFO - [2025-09-17T23:44:29.128+0000] {dagbag.py:545} INFO - Filling up the DagBag from /opt/airflow/dags/generate_orders_dag.py
[2025-09-17T23:44:29.153+0000] {processor.py:842} WARNING - No viable dags retrieved from /opt/airflow/dags/generate_orders_dag.py
[2025-09-17T23:44:29.188+0000] {processor.py:183} INFO - Processing /opt/airflow/dags/generate_orders_dag.py took 0.088 seconds
[2025-09-17T23:44:59.348+0000] {processor.py:161} INFO - Started process (PID=31) to work on /opt/airflow/dags/generate_orders_dag.py
[2025-09-17T23:44:59.349+0000] {processor.py:830} INFO - Processing file /opt/airflow/dags/generate_orders_dag.py for tasks to queue
[2025-09-17T23:44:59.353+0000] {logging_mixin.py:188} INFO - [2025-09-17T23:44:59.353+0000] {dagbag.py:545} INFO - Filling up the DagBag from /opt/airflow/dags/generate_orders_dag.py
[2025-09-17T23:44:59.385+0000] {processor.py:842} WARNING - No viable dags retrieved from /opt/airflow/dags/generate_orders_dag.py
[2025-09-17T23:44:59.416+0000] {processor.py:183} INFO - Processing /opt/airflow/dags/generate_orders_dag.py took 0.081 seconds
[2025-09-17T23:45:29.713+0000] {processor.py:161} INFO - Started process (PID=34) to work on /opt/airflow/dags/generate_orders_dag.py
[2025-09-17T23:45:29.717+0000] {processor.py:830} INFO - Processing file /opt/airflow/dags/generate_orders_dag.py for tasks to queue
[2025-09-17T23:45:29.730+0000] {logging_mixin.py:188} INFO - [2025-09-17T23:45:29.729+0000] {dagbag.py:545} INFO - Filling up the DagBag from /opt/airflow/dags/generate_orders_dag.py
[2025-09-17T23:45:29.759+0000] {processor.py:842} WARNING - No viable dags retrieved from /opt/airflow/dags/generate_orders_dag.py
[2025-09-17T23:45:29.787+0000] {processor.py:183} INFO - Processing /opt/airflow/dags/generate_orders_dag.py took 0.113 seconds
[2025-09-17T23:46:00.030+0000] {processor.py:161} INFO - Started process (PID=37) to work on /opt/airflow/dags/generate_orders_dag.py
[2025-09-17T23:46:00.032+0000] {processor.py:830} INFO - Processing file /opt/airflow/dags/generate_orders_dag.py for tasks to queue
[2025-09-17T23:46:00.037+0000] {logging_mixin.py:188} INFO - [2025-09-17T23:46:00.036+0000] {dagbag.py:545} INFO - Filling up the DagBag from /opt/airflow/dags/generate_orders_dag.py
[2025-09-17T23:46:00.066+0000] {processor.py:842} WARNING - No viable dags retrieved from /opt/airflow/dags/generate_orders_dag.py
[2025-09-17T23:46:00.098+0000] {processor.py:183} INFO - Processing /opt/airflow/dags/generate_orders_dag.py took 0.082 seconds
[2025-09-17T23:46:30.684+0000] {processor.py:161} INFO - Started process (PID=40) to work on /opt/airflow/dags/generate_orders_dag.py
[2025-09-17T23:46:30.686+0000] {processor.py:830} INFO - Processing file /opt/airflow/dags/generate_orders_dag.py for tasks to queue
[2025-09-17T23:46:30.689+0000] {logging_mixin.py:188} INFO - [2025-09-17T23:46:30.688+0000] {dagbag.py:545} INFO - Filling up the DagBag from /opt/airflow/dags/generate_orders_dag.py
[2025-09-17T23:46:30.714+0000] {processor.py:842} WARNING - No viable dags retrieved from /opt/airflow/dags/generate_orders_dag.py
[2025-09-17T23:46:30.740+0000] {processor.py:183} INFO - Processing /opt/airflow/dags/generate_orders_dag.py took 0.070 seconds
[2025-09-17T23:47:01.050+0000] {processor.py:161} INFO - Started process (PID=43) to work on /opt/airflow/dags/generate_orders_dag.py
[2025-09-17T23:47:01.053+0000] {processor.py:830} INFO - Processing file /opt/airflow/dags/generate_orders_dag.py for tasks to queue
[2025-09-17T23:47:01.058+0000] {logging_mixin.py:188} INFO - [2025-09-17T23:47:01.057+0000] {dagbag.py:545} INFO - Filling up the DagBag from /opt/airflow/dags/generate_orders_dag.py
[2025-09-17T23:47:01.105+0000] {processor.py:842} WARNING - No viable dags retrieved from /opt/airflow/dags/generate_orders_dag.py
[2025-09-17T23:47:01.155+0000] {processor.py:183} INFO - Processing /opt/airflow/dags/generate_orders_dag.py took 0.119 seconds
[2025-09-17T23:48:03.840+0000] {processor.py:161} INFO - Started process (PID=25) to work on /opt/airflow/dags/generate_orders_dag.py
[2025-09-17T23:48:03.841+0000] {processor.py:830} INFO - Processing file /opt/airflow/dags/generate_orders_dag.py for tasks to queue
[2025-09-17T23:48:03.844+0000] {logging_mixin.py:188} INFO - [2025-09-17T23:48:03.844+0000] {dagbag.py:545} INFO - Filling up the DagBag from /opt/airflow/dags/generate_orders_dag.py
[2025-09-17T23:48:03.859+0000] {processor.py:842} WARNING - No viable dags retrieved from /opt/airflow/dags/generate_orders_dag.py
[2025-09-17T23:48:03.886+0000] {processor.py:183} INFO - Processing /opt/airflow/dags/generate_orders_dag.py took 0.054 seconds
[2025-09-17T23:48:34.287+0000] {processor.py:161} INFO - Started process (PID=27) to work on /opt/airflow/dags/generate_orders_dag.py
[2025-09-17T23:48:34.289+0000] {processor.py:830} INFO - Processing file /opt/airflow/dags/generate_orders_dag.py for tasks to queue
[2025-09-17T23:48:34.293+0000] {logging_mixin.py:188} INFO - [2025-09-17T23:48:34.292+0000] {dagbag.py:545} INFO - Filling up the DagBag from /opt/airflow/dags/generate_orders_dag.py
[2025-09-17T23:48:34.319+0000] {processor.py:842} WARNING - No viable dags retrieved from /opt/airflow/dags/generate_orders_dag.py
[2025-09-17T23:48:34.347+0000] {processor.py:183} INFO - Processing /opt/airflow/dags/generate_orders_dag.py took 0.074 seconds
[2025-09-17T23:49:04.672+0000] {processor.py:161} INFO - Started process (PID=30) to work on /opt/airflow/dags/generate_orders_dag.py
[2025-09-17T23:49:04.674+0000] {processor.py:830} INFO - Processing file /opt/airflow/dags/generate_orders_dag.py for tasks to queue
[2025-09-17T23:49:04.678+0000] {logging_mixin.py:188} INFO - [2025-09-17T23:49:04.677+0000] {dagbag.py:545} INFO - Filling up the DagBag from /opt/airflow/dags/generate_orders_dag.py
[2025-09-17T23:49:04.719+0000] {processor.py:842} WARNING - No viable dags retrieved from /opt/airflow/dags/generate_orders_dag.py
[2025-09-17T23:49:04.774+0000] {processor.py:183} INFO - Processing /opt/airflow/dags/generate_orders_dag.py took 0.117 seconds
[2025-09-17T23:49:35.285+0000] {processor.py:161} INFO - Started process (PID=33) to work on /opt/airflow/dags/generate_orders_dag.py
[2025-09-17T23:49:35.287+0000] {processor.py:830} INFO - Processing file /opt/airflow/dags/generate_orders_dag.py for tasks to queue
[2025-09-17T23:49:35.291+0000] {logging_mixin.py:188} INFO - [2025-09-17T23:49:35.290+0000] {dagbag.py:545} INFO - Filling up the DagBag from /opt/airflow/dags/generate_orders_dag.py
[2025-09-17T23:49:35.317+0000] {processor.py:842} WARNING - No viable dags retrieved from /opt/airflow/dags/generate_orders_dag.py
[2025-09-17T23:49:35.360+0000] {processor.py:183} INFO - Processing /opt/airflow/dags/generate_orders_dag.py took 0.085 seconds
[2025-09-17T23:50:05.643+0000] {processor.py:161} INFO - Started process (PID=36) to work on /opt/airflow/dags/generate_orders_dag.py
[2025-09-17T23:50:05.646+0000] {processor.py:830} INFO - Processing file /opt/airflow/dags/generate_orders_dag.py for tasks to queue
[2025-09-17T23:50:05.656+0000] {logging_mixin.py:188} INFO - [2025-09-17T23:50:05.655+0000] {dagbag.py:545} INFO - Filling up the DagBag from /opt/airflow/dags/generate_orders_dag.py
[2025-09-17T23:50:05.700+0000] {processor.py:842} WARNING - No viable dags retrieved from /opt/airflow/dags/generate_orders_dag.py
[2025-09-17T23:50:05.766+0000] {processor.py:183} INFO - Processing /opt/airflow/dags/generate_orders_dag.py took 0.144 seconds
[2025-09-17T23:50:36.292+0000] {processor.py:161} INFO - Started process (PID=39) to work on /opt/airflow/dags/generate_orders_dag.py
[2025-09-17T23:50:36.294+0000] {processor.py:830} INFO - Processing file /opt/airflow/dags/generate_orders_dag.py for tasks to queue
[2025-09-17T23:50:36.298+0000] {logging_mixin.py:188} INFO - [2025-09-17T23:50:36.297+0000] {dagbag.py:545} INFO - Filling up the DagBag from /opt/airflow/dags/generate_orders_dag.py
[2025-09-17T23:50:36.329+0000] {processor.py:842} WARNING - No viable dags retrieved from /opt/airflow/dags/generate_orders_dag.py
[2025-09-17T23:50:36.362+0000] {processor.py:183} INFO - Processing /opt/airflow/dags/generate_orders_dag.py took 0.088 seconds
[2025-09-17T23:51:06.604+0000] {processor.py:161} INFO - Started process (PID=42) to work on /opt/airflow/dags/generate_orders_dag.py
[2025-09-17T23:51:06.606+0000] {processor.py:830} INFO - Processing file /opt/airflow/dags/generate_orders_dag.py for tasks to queue
[2025-09-17T23:51:06.610+0000] {logging_mixin.py:188} INFO - [2025-09-17T23:51:06.609+0000] {dagbag.py:545} INFO - Filling up the DagBag from /opt/airflow/dags/generate_orders_dag.py
[2025-09-17T23:51:06.647+0000] {processor.py:842} WARNING - No viable dags retrieved from /opt/airflow/dags/generate_orders_dag.py
[2025-09-17T23:51:06.691+0000] {processor.py:183} INFO - Processing /opt/airflow/dags/generate_orders_dag.py took 0.101 seconds
